num_nodes: 20
IteNumber of Corrupt nodesration 2, Corrupt nodes: [15 16]
Corrupt Clients: [15 16]
Neighbors of lying nodes: {np.int64(15): [6, 7, 9, 10, 11, 14, 18, 19], np.int64(16): [0, 3, 5, 12]}
Are the honest-only nodes still forming a connected subgraph? True
Are all honest nodes connected to a majority of honest neighbors? True
Epoch 1/5  loss=1.0407  acc=62.17%
Epoch 2/5  loss=0.6663  acc=75.90%
Epoch 3/5  loss=0.6035  acc=78.00%
Epoch 4/5  loss=0.5093  acc=80.77%
Epoch 5/5  loss=0.4730  acc=82.67%
Epoch 1/5  loss=1.0909  acc=62.27%
Epoch 2/5  loss=0.6692  acc=75.50%
Epoch 3/5  loss=0.5743  acc=79.23%
Epoch 4/5  loss=0.5270  acc=80.70%
Epoch 5/5  loss=0.4933  acc=82.03%
Epoch 1/5  loss=1.0941  acc=61.03%
Epoch 2/5  loss=0.6904  acc=74.77%
Epoch 3/5  loss=0.6205  acc=76.50%
Epoch 4/5  loss=0.5513  acc=78.97%
Epoch 5/5  loss=0.4996  acc=80.97%
Epoch 1/5  loss=1.0342  acc=62.50%
Epoch 2/5  loss=0.6419  acc=76.70%
Epoch 3/5  loss=0.5556  acc=79.67%
Epoch 4/5  loss=0.4962  acc=81.87%
Epoch 5/5  loss=0.4590  acc=82.43%
Epoch 1/5  loss=1.0283  acc=65.13%
Epoch 2/5  loss=0.6543  acc=76.13%
Epoch 3/5  loss=0.5574  acc=78.77%
Epoch 4/5  loss=0.5103  acc=81.03%
Epoch 5/5  loss=0.4744  acc=83.03%
Epoch 1/5  loss=1.0593  acc=63.87%
Epoch 2/5  loss=0.6383  acc=76.73%
Epoch 3/5  loss=0.5581  acc=79.83%
Epoch 4/5  loss=0.4980  acc=82.30%
Epoch 5/5  loss=0.4588  acc=82.57%
Epoch 1/5  loss=1.0943  acc=61.80%
Epoch 2/5  loss=0.6732  acc=75.23%
Epoch 3/5  loss=0.5507  acc=80.13%
Epoch 4/5  loss=0.4894  acc=82.07%
Epoch 5/5  loss=0.4550  acc=83.90%
Epoch 1/5  loss=1.0415  acc=62.87%
Epoch 2/5  loss=0.6542  acc=75.77%
Epoch 3/5  loss=0.5613  acc=79.10%
Epoch 4/5  loss=0.5053  acc=81.20%
Epoch 5/5  loss=0.4715  acc=82.30%
Epoch 1/5  loss=1.0864  acc=60.40%
Epoch 2/5  loss=0.7083  acc=74.37%
Epoch 3/5  loss=0.5839  acc=77.87%
Epoch 4/5  loss=0.5493  acc=79.37%
Epoch 5/5  loss=0.4793  acc=81.83%
Epoch 1/5  loss=1.0845  acc=63.20%
Epoch 2/5  loss=0.6571  acc=76.13%
Epoch 3/5  loss=0.5577  acc=79.90%
Epoch 4/5  loss=0.5336  acc=80.63%
Epoch 5/5  loss=0.4777  acc=82.33%
Epoch 1/5  loss=1.0551  acc=63.03%
Epoch 2/5  loss=0.6936  acc=74.67%
Epoch 3/5  loss=0.5918  acc=77.70%
Epoch 4/5  loss=0.5021  acc=80.90%
Epoch 5/5  loss=0.4792  acc=82.07%
Epoch 1/5  loss=1.0495  acc=63.13%
Epoch 2/5  loss=0.6408  acc=75.93%
Epoch 3/5  loss=0.5545  acc=79.37%
Epoch 4/5  loss=0.4986  acc=81.67%
Epoch 5/5  loss=0.4481  acc=83.43%
Epoch 1/5  loss=1.0321  acc=63.83%
Epoch 2/5  loss=0.6625  acc=74.60%
Epoch 3/5  loss=0.5735  acc=78.87%
Epoch 4/5  loss=0.5064  acc=81.47%
Epoch 5/5  loss=0.4520  acc=83.13%
Epoch 1/5  loss=1.0529  acc=63.33%
Epoch 2/5  loss=0.6613  acc=75.37%
Epoch 3/5  loss=0.5527  acc=79.77%
Epoch 4/5  loss=0.5037  acc=81.17%
Epoch 5/5  loss=0.4481  acc=83.67%
Epoch 1/5  loss=1.0724  acc=62.10%
Epoch 2/5  loss=0.6917  acc=74.73%
Epoch 3/5  loss=0.5923  acc=77.33%
Epoch 4/5  loss=0.5278  acc=80.57%
Epoch 5/5  loss=0.4798  acc=82.10%
Epoch 1/5  loss=1.0937  acc=62.10%
Epoch 2/5  loss=0.6654  acc=74.53%
Epoch 3/5  loss=0.5871  acc=77.90%
Epoch 4/5  loss=0.5263  acc=80.13%
Epoch 5/5  loss=0.4881  acc=82.10%
Epoch 1/5  loss=1.0899  acc=62.77%
Epoch 2/5  loss=0.6851  acc=75.73%
Epoch 3/5  loss=0.6001  acc=79.13%
Epoch 4/5  loss=0.5418  acc=81.10%
Epoch 5/5  loss=0.4780  acc=83.63%
Epoch 1/5  loss=1.0689  acc=62.13%
Epoch 2/5  loss=0.6556  acc=75.73%
Epoch 3/5  loss=0.5661  acc=79.90%
Epoch 4/5  loss=0.4782  acc=82.33%
Epoch 5/5  loss=0.4680  acc=82.80%
Epoch 1/5  loss=1.0545  acc=62.53%
Epoch 2/5  loss=0.6631  acc=76.30%
Epoch 3/5  loss=0.5786  acc=79.53%
Epoch 4/5  loss=0.5026  acc=82.33%
Epoch 5/5  loss=0.4499  acc=84.10%
Epoch 1/5  loss=1.0477  acc=62.07%
Epoch 2/5  loss=0.6797  acc=74.20%
Epoch 3/5  loss=0.5887  acc=77.40%
Epoch 4/5  loss=0.5229  acc=80.80%
Epoch 5/5  loss=0.4870  acc=81.67%
Epoch 1/5  loss=0.9963  acc=65.33%
Epoch 2/5  loss=0.6511  acc=75.53%
Epoch 3/5  loss=0.5715  acc=78.90%
Epoch 4/5  loss=0.5122  acc=80.77%
Epoch 5/5  loss=0.4680  acc=82.40%
Epoch 1/5  loss=1.0115  acc=66.80%
Epoch 2/5  loss=0.6481  acc=76.20%
Epoch 3/5  loss=0.5750  acc=79.87%
Epoch 4/5  loss=0.4989  acc=81.53%
Epoch 5/5  loss=0.4597  acc=83.23%
Epoch 1/5  loss=1.0094  acc=66.80%
Epoch 2/5  loss=0.6550  acc=76.67%
Epoch 3/5  loss=0.5752  acc=78.97%
Epoch 4/5  loss=0.5200  acc=80.73%
Epoch 5/5  loss=0.4647  acc=82.53%
Epoch 1/5  loss=0.9813  acc=68.90%
Epoch 2/5  loss=0.6278  acc=77.60%
Epoch 3/5  loss=0.5442  acc=79.97%
Epoch 4/5  loss=0.5490  acc=80.73%
Epoch 5/5  loss=0.4640  acc=82.70%
Epoch 1/5  loss=0.9841  acc=68.27%
Epoch 2/5  loss=0.6282  acc=76.87%
Epoch 3/5  loss=0.5562  acc=79.63%
Epoch 4/5  loss=0.5002  acc=81.73%
Epoch 5/5  loss=0.4728  acc=82.77%
Epoch 1/5  loss=0.9948  acc=67.30%
Epoch 2/5  loss=0.6404  acc=76.70%
Epoch 3/5  loss=0.5525  acc=79.37%
Epoch 4/5  loss=0.4920  acc=81.90%
Epoch 5/5  loss=0.4756  acc=83.17%
Epoch 1/5  loss=0.9691  acc=67.73%
Epoch 2/5  loss=0.6330  acc=76.93%
Epoch 3/5  loss=0.5426  acc=80.13%
Epoch 4/5  loss=0.5188  acc=80.67%
Epoch 5/5  loss=0.4669  acc=83.23%
Epoch 1/5  loss=0.9473  acc=69.40%
Epoch 2/5  loss=0.6143  acc=78.13%
Epoch 3/5  loss=0.5675  acc=79.40%
Epoch 4/5  loss=0.5087  acc=81.27%
Epoch 5/5  loss=0.4633  acc=82.97%
Epoch 1/5  loss=1.0177  acc=65.97%
Epoch 2/5  loss=0.6814  acc=75.03%
Epoch 3/5  loss=0.5783  acc=78.43%
Epoch 4/5  loss=0.5294  acc=80.80%
Epoch 5/5  loss=0.4853  acc=82.03%
Epoch 1/5  loss=1.0139  acc=65.93%
Epoch 2/5  loss=0.6478  acc=77.07%
Epoch 3/5  loss=0.5483  acc=79.93%
Epoch 4/5  loss=0.5217  acc=81.33%
Epoch 5/5  loss=0.4748  acc=82.70%
Epoch 1/5  loss=0.9969  acc=67.37%
Epoch 2/5  loss=0.6481  acc=75.10%
Epoch 3/5  loss=0.5571  acc=78.90%
Epoch 4/5  loss=0.5031  acc=81.20%
Epoch 5/5  loss=0.4693  acc=82.40%
Epoch 1/5  loss=0.9747  acc=68.07%
Epoch 2/5  loss=0.6122  acc=76.87%
Epoch 3/5  loss=0.5467  acc=79.97%
Epoch 4/5  loss=0.5160  acc=81.07%
Epoch 5/5  loss=0.4797  acc=82.57%
Epoch 1/5  loss=0.9807  acc=67.27%
Epoch 2/5  loss=0.6579  acc=75.23%
Epoch 3/5  loss=0.5497  acc=79.50%
Epoch 4/5  loss=0.5167  acc=79.93%
Epoch 5/5  loss=0.4748  acc=82.73%
Epoch 1/5  loss=0.9723  acc=68.53%
Epoch 2/5  loss=0.6190  acc=77.73%
Epoch 3/5  loss=0.5521  acc=79.67%
Epoch 4/5  loss=0.5003  acc=82.10%
Epoch 5/5  loss=0.4646  acc=82.93%
Epoch 1/5  loss=1.0212  acc=65.07%
Epoch 2/5  loss=0.6675  acc=74.23%
Epoch 3/5  loss=0.5761  acc=78.40%
Epoch 4/5  loss=0.5156  acc=81.07%
Epoch 5/5  loss=0.5060  acc=81.63%
Epoch 1/5  loss=103349.1727  acc=10.33%
Epoch 2/5  loss=161.5043  acc=10.63%
Epoch 3/5  loss=2.5941  acc=10.63%
Epoch 4/5  loss=2.4457  acc=10.63%
Epoch 5/5  loss=2.3677  acc=10.63%
Epoch 1/5  loss=296657.1205  acc=8.37%
Epoch 2/5  loss=14.8559  acc=8.93%
Epoch 3/5  loss=5.7476  acc=9.93%
Epoch 4/5  loss=2.4504  acc=10.30%
Epoch 5/5  loss=2.3611  acc=10.13%
Epoch 1/5  loss=0.9727  acc=67.57%
Epoch 2/5  loss=0.6410  acc=76.57%
Epoch 3/5  loss=0.5406  acc=79.80%
Epoch 4/5  loss=0.5053  acc=81.10%
Epoch 5/5  loss=0.4534  acc=83.50%
Epoch 1/5  loss=0.9924  acc=66.90%
Epoch 2/5  loss=0.6678  acc=75.50%
Epoch 3/5  loss=0.5500  acc=80.53%
Epoch 4/5  loss=0.5120  acc=81.13%
Epoch 5/5  loss=0.4668  acc=82.43%
Epoch 1/5  loss=0.9962  acc=65.27%
Epoch 2/5  loss=0.6642  acc=74.17%
Epoch 3/5  loss=0.5780  acc=77.90%
Epoch 4/5  loss=0.5341  acc=80.07%
Epoch 5/5  loss=0.4842  acc=81.70%
Epoch 1/5  loss=0.5056  acc=80.57%
Epoch 2/5  loss=0.4513  acc=83.10%
Epoch 3/5  loss=0.4336  acc=83.53%
Epoch 4/5  loss=0.4023  acc=84.83%
Epoch 5/5  loss=0.3874  acc=85.27%
Epoch 1/5  loss=0.4961  acc=81.87%
Epoch 2/5  loss=0.4617  acc=82.77%
Epoch 3/5  loss=0.4353  acc=83.83%
Epoch 4/5  loss=0.4222  acc=84.27%
Epoch 5/5  loss=0.3891  acc=85.57%
Epoch 1/5  loss=0.5142  acc=80.60%
Epoch 2/5  loss=0.4862  acc=81.83%
Epoch 3/5  loss=0.4202  acc=84.90%
Epoch 4/5  loss=0.4019  acc=84.97%
Epoch 5/5  loss=0.3883  acc=85.33%
Epoch 1/5  loss=0.4810  acc=82.50%
Epoch 2/5  loss=0.4482  acc=83.37%
Epoch 3/5  loss=0.4164  acc=84.77%
Epoch 4/5  loss=0.3974  acc=85.43%
Epoch 5/5  loss=0.3795  acc=85.67%
Epoch 1/5  loss=0.4871  acc=81.93%
Epoch 2/5  loss=0.4475  acc=83.33%
Epoch 3/5  loss=0.4217  acc=83.90%
Epoch 4/5  loss=0.4066  acc=84.60%
Epoch 5/5  loss=0.3787  acc=85.67%
Epoch 1/5  loss=0.4699  acc=82.67%
Epoch 2/5  loss=0.4502  acc=83.37%
Epoch 3/5  loss=0.4038  acc=85.03%
Epoch 4/5  loss=0.3919  acc=84.97%
Epoch 5/5  loss=0.3768  acc=85.03%
Epoch 1/5  loss=0.4854  acc=82.17%
Epoch 2/5  loss=0.4324  acc=84.23%
Epoch 3/5  loss=0.4283  acc=84.03%
Epoch 4/5  loss=0.3988  acc=84.80%
Epoch 5/5  loss=0.3687  acc=86.57%
Epoch 1/5  loss=0.4887  acc=82.13%
Epoch 2/5  loss=0.4407  acc=83.47%
Epoch 3/5  loss=0.4235  acc=84.17%
Epoch 4/5  loss=0.3975  acc=85.17%
Epoch 5/5  loss=0.3711  acc=85.90%
Epoch 1/5  loss=0.5116  acc=80.83%
Epoch 2/5  loss=0.4713  acc=83.20%
Epoch 3/5  loss=0.4382  acc=83.27%
Epoch 4/5  loss=0.4406  acc=83.77%
Epoch 5/5  loss=0.3999  acc=85.70%
Epoch 1/5  loss=0.4962  acc=81.67%
Epoch 2/5  loss=0.4558  acc=83.40%
Epoch 3/5  loss=0.4268  acc=84.83%
Epoch 4/5  loss=0.3927  acc=85.80%
Epoch 5/5  loss=0.3851  acc=85.77%
Epoch 1/5  loss=0.4908  acc=81.43%
Epoch 2/5  loss=0.4506  acc=82.57%
Epoch 3/5  loss=0.4312  acc=83.37%
Epoch 4/5  loss=0.3844  acc=85.40%
Epoch 5/5  loss=0.3793  acc=85.90%
Epoch 1/5  loss=0.4718  acc=82.37%
Epoch 2/5  loss=0.4580  acc=82.83%
Epoch 3/5  loss=0.4087  acc=84.03%
Epoch 4/5  loss=0.3860  acc=85.63%
Epoch 5/5  loss=0.3484  acc=86.77%
Epoch 1/5  loss=0.4968  acc=81.50%
Epoch 2/5  loss=0.4404  acc=84.03%
Epoch 3/5  loss=0.4217  acc=83.93%
Epoch 4/5  loss=0.4012  acc=84.43%
Epoch 5/5  loss=0.3956  acc=84.67%
Epoch 1/5  loss=0.4776  acc=82.47%
Epoch 2/5  loss=0.4411  acc=83.20%
Epoch 3/5  loss=0.4222  acc=84.07%
Epoch 4/5  loss=0.3832  acc=85.93%
Epoch 5/5  loss=0.3815  acc=86.10%
Epoch 1/5  loss=0.5309  acc=80.40%
Epoch 2/5  loss=0.4819  acc=82.27%
Epoch 3/5  loss=0.4553  acc=83.10%
Epoch 4/5  loss=0.4268  acc=84.17%
Epoch 5/5  loss=0.4056  acc=85.27%
Epoch 1/5  loss=104101.0768  acc=10.53%
Epoch 2/5  loss=116.9758  acc=10.63%
Epoch 3/5  loss=30.2520  acc=10.63%
Epoch 4/5  loss=6.5740  acc=10.63%
Epoch 5/5  loss=2.5782  acc=10.63%
Epoch 1/5  loss=319803.7257  acc=10.27%
Epoch 2/5  loss=226.3792  acc=10.43%
Epoch 3/5  loss=106.9576  acc=10.47%
Epoch 4/5  loss=48.8835  acc=10.17%
Epoch 5/5  loss=18.2823  acc=10.07%
Epoch 1/5  loss=0.4944  acc=81.33%
Epoch 2/5  loss=0.4505  acc=83.20%
Epoch 3/5  loss=0.4077  acc=84.30%
Epoch 4/5  loss=0.3886  acc=85.73%
Epoch 5/5  loss=0.3584  acc=86.83%
Epoch 1/5  loss=0.4929  acc=81.63%
Epoch 2/5  loss=0.4398  acc=83.40%
Epoch 3/5  loss=0.4166  acc=84.30%
Epoch 4/5  loss=0.4098  acc=84.63%
Epoch 5/5  loss=0.3689  acc=86.10%
Epoch 1/5  loss=0.5216  acc=80.33%
Epoch 2/5  loss=0.4652  acc=82.37%
Epoch 3/5  loss=0.4484  acc=82.40%
Epoch 4/5  loss=0.4051  acc=84.57%
Epoch 5/5  loss=0.3801  acc=85.50%
Epoch 1/5  loss=0.4665  acc=81.97%
Epoch 2/5  loss=0.4063  acc=84.67%
Epoch 3/5  loss=0.3973  acc=84.27%
Epoch 4/5  loss=0.3549  acc=86.50%
Epoch 5/5  loss=0.3349  acc=87.80%
Epoch 1/5  loss=0.4475  acc=83.63%
Epoch 2/5  loss=0.4173  acc=84.37%
Epoch 3/5  loss=0.3878  acc=85.33%
Epoch 4/5  loss=0.3667  acc=85.80%
Epoch 5/5  loss=0.3605  acc=86.17%
Epoch 1/5  loss=0.4547  acc=83.70%
Epoch 2/5  loss=0.4107  acc=84.80%
Epoch 3/5  loss=0.3884  acc=85.63%
Epoch 4/5  loss=0.3631  acc=86.80%
Epoch 5/5  loss=0.3452  acc=86.40%
Epoch 1/5  loss=0.4284  acc=84.53%
Epoch 2/5  loss=0.3992  acc=85.73%
Epoch 3/5  loss=0.3720  acc=87.00%
Epoch 4/5  loss=0.3576  acc=86.57%
Epoch 5/5  loss=0.3358  acc=87.47%
Epoch 1/5  loss=0.4362  acc=84.00%
Epoch 2/5  loss=0.4115  acc=84.17%
Epoch 3/5  loss=0.3845  acc=85.53%
Epoch 4/5  loss=0.3545  acc=86.97%
Epoch 5/5  loss=0.3339  acc=87.40%
Epoch 1/5  loss=0.4234  acc=84.87%
Epoch 2/5  loss=0.4048  acc=84.90%
Epoch 3/5  loss=0.3780  acc=85.90%
Epoch 4/5  loss=0.3462  acc=86.90%
Epoch 5/5  loss=0.3304  acc=87.37%
Epoch 1/5  loss=0.4260  acc=84.13%
Epoch 2/5  loss=0.3972  acc=85.20%
Epoch 3/5  loss=0.3828  acc=85.53%
Epoch 4/5  loss=0.3484  acc=86.67%
Epoch 5/5  loss=0.3265  acc=87.97%
Epoch 1/5  loss=0.4266  acc=83.97%
Epoch 2/5  loss=0.4016  acc=85.30%
Epoch 3/5  loss=0.3697  acc=86.37%
Epoch 4/5  loss=0.3560  acc=86.27%
Epoch 5/5  loss=0.3521  acc=86.37%
Epoch 1/5  loss=0.4649  acc=83.33%
Epoch 2/5  loss=0.4453  acc=83.03%
Epoch 3/5  loss=0.4142  acc=84.83%
Epoch 4/5  loss=0.3915  acc=85.53%
Epoch 5/5  loss=0.3673  acc=86.57%
Epoch 1/5  loss=0.4501  acc=83.17%
Epoch 2/5  loss=0.4203  acc=83.83%
Epoch 3/5  loss=0.3885  acc=85.60%
Epoch 4/5  loss=0.3692  acc=86.13%
Epoch 5/5  loss=0.3486  acc=87.27%
Epoch 1/5  loss=0.4431  acc=83.07%
Epoch 2/5  loss=0.4170  acc=84.83%
Epoch 3/5  loss=0.3805  acc=85.50%
Epoch 4/5  loss=0.3596  acc=86.30%
Epoch 5/5  loss=0.3377  acc=87.20%
Epoch 1/5  loss=0.4116  acc=84.63%
Epoch 2/5  loss=0.3825  acc=85.40%
Epoch 3/5  loss=0.3616  acc=86.97%
Epoch 4/5  loss=0.3446  acc=86.80%
Epoch 5/5  loss=0.3540  acc=86.70%
Epoch 1/5  loss=0.4330  acc=83.53%
Epoch 2/5  loss=0.4069  acc=84.63%
Epoch 3/5  loss=0.3821  acc=86.00%
Epoch 4/5  loss=0.3617  acc=85.80%
Epoch 5/5  loss=0.3384  acc=86.40%
Epoch 1/5  loss=0.4344  acc=83.40%
Epoch 2/5  loss=0.4134  acc=84.83%
Epoch 3/5  loss=0.3730  acc=86.43%
Epoch 4/5  loss=0.3546  acc=87.03%
Epoch 5/5  loss=0.3491  acc=86.50%
Epoch 1/5  loss=0.4730  acc=82.90%
Epoch 2/5  loss=0.4381  acc=83.73%
Epoch 3/5  loss=0.4095  acc=84.70%
Epoch 4/5  loss=0.3949  acc=85.87%
Epoch 5/5  loss=0.3628  acc=86.33%
Epoch 1/5  loss=112738.3778  acc=10.47%
Epoch 2/5  loss=5.6142  acc=10.40%
Epoch 3/5  loss=3.4905  acc=10.40%
Epoch 4/5  loss=2.5485  acc=10.40%
Epoch 5/5  loss=2.4650  acc=10.17%
Epoch 1/5  loss=393803.8955  acc=10.27%
Epoch 2/5  loss=650.8053  acc=10.10%
Epoch 3/5  loss=410.8453  acc=10.20%
Epoch 4/5  loss=275.0384  acc=9.60%
Epoch 5/5  loss=195.9338  acc=9.90%
Epoch 1/5  loss=0.4481  acc=83.43%
Epoch 2/5  loss=0.3996  acc=85.03%
Epoch 3/5  loss=0.3732  acc=86.13%
Epoch 4/5  loss=0.3537  acc=87.07%
Epoch 5/5  loss=0.3239  acc=88.17%
Epoch 1/5  loss=0.4200  acc=84.70%
Epoch 2/5  loss=0.4148  acc=83.87%
Epoch 3/5  loss=0.3689  acc=86.57%
Epoch 4/5  loss=0.3584  acc=86.13%
Epoch 5/5  loss=0.3408  acc=87.63%
Epoch 1/5  loss=0.4743  acc=81.57%
Epoch 2/5  loss=0.4295  acc=83.30%
Epoch 3/5  loss=0.3964  acc=84.53%
Epoch 4/5  loss=0.3700  acc=86.03%
Epoch 5/5  loss=0.3652  acc=86.07%
Epoch 1/5  loss=0.4169  acc=83.97%
Epoch 2/5  loss=0.3736  acc=86.60%
Epoch 3/5  loss=0.3523  acc=86.50%
Epoch 4/5  loss=0.3289  acc=87.57%
Epoch 5/5  loss=0.3122  acc=88.47%
Epoch 1/5  loss=0.4256  acc=84.23%
Epoch 2/5  loss=0.4027  acc=85.17%
Epoch 3/5  loss=0.3795  acc=85.93%
Epoch 4/5  loss=0.3508  acc=87.10%
Epoch 5/5  loss=0.3361  acc=87.17%
Epoch 1/5  loss=0.4187  acc=84.20%
Epoch 2/5  loss=0.3910  acc=85.13%
Epoch 3/5  loss=0.3647  acc=86.20%
Epoch 4/5  loss=0.3432  acc=87.20%
Epoch 5/5  loss=0.3312  acc=87.27%
Epoch 1/5  loss=0.4112  acc=85.07%
Epoch 2/5  loss=0.3862  acc=86.00%
Epoch 3/5  loss=0.3601  acc=87.10%
Epoch 4/5  loss=0.3361  acc=87.40%
Epoch 5/5  loss=0.3262  acc=87.83%
Epoch 1/5  loss=0.4087  acc=84.93%
Epoch 2/5  loss=0.3815  acc=86.03%
Epoch 3/5  loss=0.3664  acc=86.07%
Epoch 4/5  loss=0.3337  acc=87.90%
Epoch 5/5  loss=0.3190  acc=87.90%
Epoch 1/5  loss=0.4037  acc=85.07%
Epoch 2/5  loss=0.3669  acc=86.67%
Epoch 3/5  loss=0.3477  acc=87.23%
Epoch 4/5  loss=0.3287  acc=88.03%
Epoch 5/5  loss=0.3010  acc=88.90%
Epoch 1/5  loss=0.3947  acc=84.93%
Epoch 2/5  loss=0.3750  acc=85.60%
Epoch 3/5  loss=0.3341  acc=87.73%
Epoch 4/5  loss=0.3230  acc=88.03%
Epoch 5/5  loss=0.3090  acc=88.43%
Epoch 1/5  loss=0.4093  acc=84.97%
Epoch 2/5  loss=0.3728  acc=86.27%
Epoch 3/5  loss=0.3715  acc=86.63%
Epoch 4/5  loss=0.3311  acc=87.73%
Epoch 5/5  loss=0.3293  acc=87.53%
Epoch 1/5  loss=0.4362  acc=84.40%
Epoch 2/5  loss=0.4081  acc=84.83%
Epoch 3/5  loss=0.3772  acc=86.13%
Epoch 4/5  loss=0.3673  acc=85.93%
Epoch 5/5  loss=0.3369  acc=87.43%
Epoch 1/5  loss=0.4150  acc=84.70%
Epoch 2/5  loss=0.3853  acc=85.67%
Epoch 3/5  loss=0.3722  acc=86.17%
Epoch 4/5  loss=0.3397  acc=86.93%
Epoch 5/5  loss=0.3299  acc=88.03%
Epoch 1/5  loss=0.4240  acc=83.93%
Epoch 2/5  loss=0.3960  acc=85.23%
Epoch 3/5  loss=0.3594  acc=86.20%
Epoch 4/5  loss=0.3388  acc=87.20%
Epoch 5/5  loss=0.3183  acc=88.10%
Epoch 1/5  loss=0.3976  acc=85.60%
Epoch 2/5  loss=0.3536  acc=86.67%
Epoch 3/5  loss=0.3416  acc=87.30%
Epoch 4/5  loss=0.3113  acc=88.53%
Epoch 5/5  loss=0.2960  acc=88.40%
Epoch 1/5  loss=0.4067  acc=85.03%
Epoch 2/5  loss=0.3792  acc=85.97%
Epoch 3/5  loss=0.3599  acc=86.63%
Epoch 4/5  loss=0.3356  acc=86.90%
Epoch 5/5  loss=0.3203  acc=87.53%
Epoch 1/5  loss=0.4213  acc=84.43%
Epoch 2/5  loss=0.3924  acc=85.47%
Epoch 3/5  loss=0.3579  acc=86.63%
Epoch 4/5  loss=0.3319  acc=87.40%
Epoch 5/5  loss=0.3076  acc=88.80%
Epoch 1/5  loss=0.4451  acc=83.90%
Epoch 2/5  loss=0.4147  acc=85.23%
Epoch 3/5  loss=0.3977  acc=86.20%
Epoch 4/5  loss=0.3671  acc=86.30%
Epoch 5/5  loss=0.3372  acc=88.13%
Epoch 1/5  loss=125378.3385  acc=11.30%
Epoch 2/5  loss=31.4420  acc=10.37%
Epoch 3/5  loss=5.9959  acc=10.17%
Epoch 4/5  loss=2.7324  acc=10.17%
Epoch 5/5  loss=2.3598  acc=11.10%
Epoch 1/5  loss=323490.8073  acc=9.33%
Epoch 2/5  loss=162.6707  acc=9.27%
Epoch 3/5  loss=41.7042  acc=9.27%
Epoch 4/5  loss=10.3141  acc=9.70%
Epoch 5/5  loss=3.3976  acc=10.20%
Epoch 1/5  loss=0.4010  acc=85.47%
Epoch 2/5  loss=0.3716  acc=86.17%
Epoch 3/5  loss=0.3439  acc=87.23%
Epoch 4/5  loss=0.3282  acc=87.43%
Epoch 5/5  loss=0.3028  acc=88.50%
Epoch 1/5  loss=0.3977  acc=85.70%
Epoch 2/5  loss=0.3844  acc=85.27%
Epoch 3/5  loss=0.3489  acc=86.80%
Epoch 4/5  loss=0.3371  acc=87.27%
Epoch 5/5  loss=0.3133  acc=87.77%
Epoch 1/5  loss=0.4194  acc=84.10%
Epoch 2/5  loss=0.3874  acc=85.40%
Epoch 3/5  loss=0.3779  acc=85.77%
Epoch 4/5  loss=0.3545  acc=86.33%
Epoch 5/5  loss=0.3338  acc=87.33%
Epoch 1/5  loss=0.3860  acc=85.23%
Epoch 2/5  loss=0.3617  acc=86.30%
Epoch 3/5  loss=0.3382  acc=87.33%
Epoch 4/5  loss=0.3080  acc=88.47%
Epoch 5/5  loss=0.2937  acc=88.93%
Epoch 1/5  loss=0.4015  acc=85.30%
Epoch 2/5  loss=0.3812  acc=85.43%
Epoch 3/5  loss=0.3503  acc=86.50%
Epoch 4/5  loss=0.3289  acc=87.97%
Epoch 5/5  loss=0.3152  acc=88.60%
Epoch 1/5  loss=0.4004  acc=85.03%
Epoch 2/5  loss=0.3624  acc=86.07%
Epoch 3/5  loss=0.3387  acc=87.53%
Epoch 4/5  loss=0.3214  acc=88.20%
Epoch 5/5  loss=0.3083  acc=88.37%
Epoch 1/5  loss=0.3897  acc=86.43%
Epoch 2/5  loss=0.3599  acc=87.13%
Epoch 3/5  loss=0.3392  acc=87.50%
Epoch 4/5  loss=0.3185  acc=88.37%
Epoch 5/5  loss=0.3011  acc=88.40%
Epoch 1/5  loss=0.3974  acc=85.17%
Epoch 2/5  loss=0.3625  acc=86.53%
Epoch 3/5  loss=0.3361  acc=87.67%
Epoch 4/5  loss=0.3188  acc=88.27%
Epoch 5/5  loss=0.3119  acc=88.30%
Epoch 1/5  loss=0.3828  acc=86.33%
Epoch 2/5  loss=0.3590  acc=86.73%
Epoch 3/5  loss=0.3354  acc=87.73%
Epoch 4/5  loss=0.3156  acc=88.77%
Epoch 5/5  loss=0.2882  acc=89.87%
Epoch 1/5  loss=0.3768  acc=86.10%
Epoch 2/5  loss=0.3542  acc=86.87%
Epoch 3/5  loss=0.3275  acc=87.47%
Epoch 4/5  loss=0.3091  acc=88.23%
Epoch 5/5  loss=0.2895  acc=88.67%
Epoch 1/5  loss=0.3934  acc=85.37%
Epoch 2/5  loss=0.3791  acc=85.27%
Epoch 3/5  loss=0.3385  acc=87.50%
Epoch 4/5  loss=0.3169  acc=87.73%
Epoch 5/5  loss=0.3250  acc=88.20%
Epoch 1/5  loss=0.4167  acc=84.77%
Epoch 2/5  loss=0.3978  acc=85.57%
Epoch 3/5  loss=0.3538  acc=86.23%
Epoch 4/5  loss=0.3459  acc=87.30%
Epoch 5/5  loss=0.3252  acc=88.00%
Epoch 1/5  loss=0.3964  acc=85.67%
Epoch 2/5  loss=0.3637  acc=86.57%
Epoch 3/5  loss=0.3316  acc=87.73%
Epoch 4/5  loss=0.3221  acc=87.90%
Epoch 5/5  loss=0.3156  acc=87.80%
Epoch 1/5  loss=0.3946  acc=84.80%
Epoch 2/5  loss=0.3701  acc=86.13%
Epoch 3/5  loss=0.3406  acc=86.80%
Epoch 4/5  loss=0.3162  acc=87.97%
Epoch 5/5  loss=0.2980  acc=88.67%
Epoch 1/5  loss=0.3687  acc=86.07%
Epoch 2/5  loss=0.3362  acc=87.27%
Epoch 3/5  loss=0.3162  acc=88.07%
Epoch 4/5  loss=0.2982  acc=88.23%
Epoch 5/5  loss=0.2853  acc=89.30%
Epoch 1/5  loss=0.3951  acc=85.80%
Epoch 2/5  loss=0.3727  acc=85.70%
Epoch 3/5  loss=0.3352  acc=87.13%
Epoch 4/5  loss=0.3142  acc=88.20%
Epoch 5/5  loss=0.3014  acc=88.70%
Epoch 1/5  loss=0.4084  acc=85.23%
Epoch 2/5  loss=0.3598  acc=86.73%
Epoch 3/5  loss=0.3348  acc=87.87%
Epoch 4/5  loss=0.3078  acc=88.73%
Epoch 5/5  loss=0.3044  acc=88.73%
Epoch 1/5  loss=0.4206  acc=84.40%
Epoch 2/5  loss=0.3869  acc=86.50%
Epoch 3/5  loss=0.3638  acc=86.43%
Epoch 4/5  loss=0.3349  acc=88.50%
Epoch 5/5  loss=0.3198  acc=88.33%
Epoch 1/5  loss=89522.8413  acc=11.47%
Epoch 2/5  loss=230.0965  acc=11.20%
Epoch 3/5  loss=35.5630  acc=10.97%
Epoch 4/5  loss=11.1020  acc=11.03%
Epoch 5/5  loss=5.1505  acc=10.50%
Epoch 1/5  loss=330650.9741  acc=10.47%
Epoch 2/5  loss=537.5383  acc=10.20%
Epoch 3/5  loss=275.5823  acc=10.20%
Epoch 4/5  loss=165.8670  acc=10.20%
Epoch 5/5  loss=103.9005  acc=9.83%
Epoch 1/5  loss=0.3931  acc=84.93%
Epoch 2/5  loss=0.3481  acc=86.97%
Epoch 3/5  loss=0.3296  acc=86.97%
Epoch 4/5  loss=0.3072  acc=88.53%
Epoch 5/5  loss=0.2886  acc=89.00%
Epoch 1/5  loss=0.3784  acc=85.73%
Epoch 2/5  loss=0.3531  acc=87.00%
Epoch 3/5  loss=0.3302  acc=87.40%
Epoch 4/5  loss=0.2988  acc=88.87%
Epoch 5/5  loss=0.2961  acc=89.00%
Epoch 1/5  loss=0.4016  acc=84.70%
Epoch 2/5  loss=0.3800  acc=85.37%
Epoch 3/5  loss=0.3468  acc=86.93%
Epoch 4/5  loss=0.3330  acc=87.07%
Epoch 5/5  loss=0.3109  acc=88.33%
Epoch 1/5  loss=0.3807  acc=85.73%
Epoch 2/5  loss=0.3457  acc=86.60%
Epoch 3/5  loss=0.3091  acc=88.97%
Epoch 4/5  loss=0.2900  acc=89.17%
Epoch 5/5  loss=0.2985  acc=89.30%
Epoch 1/5  loss=0.3869  acc=85.90%
Epoch 2/5  loss=0.3613  acc=86.60%
Epoch 3/5  loss=0.3427  acc=87.17%
Epoch 4/5  loss=0.3204  acc=87.33%
Epoch 5/5  loss=0.3008  acc=88.67%
Epoch 1/5  loss=0.3854  acc=85.77%
Epoch 2/5  loss=0.3611  acc=86.87%
Epoch 3/5  loss=0.3313  acc=87.83%
Epoch 4/5  loss=0.3089  acc=88.13%
Epoch 5/5  loss=0.3009  acc=89.00%
Epoch 1/5  loss=0.3702  acc=86.30%
Epoch 2/5  loss=0.3452  acc=87.47%
Epoch 3/5  loss=0.3214  acc=87.87%
Epoch 4/5  loss=0.3116  acc=88.10%
Epoch 5/5  loss=0.2891  acc=89.30%
Epoch 1/5  loss=0.3648  acc=86.53%
Epoch 2/5  loss=0.3430  acc=87.30%
Epoch 3/5  loss=0.3259  acc=87.63%
Epoch 4/5  loss=0.3050  acc=88.13%
Epoch 5/5  loss=0.2887  acc=89.17%
Epoch 1/5  loss=0.3703  acc=85.90%
Epoch 2/5  loss=0.3426  acc=87.67%
Epoch 3/5  loss=0.3220  acc=88.23%
Epoch 4/5  loss=0.3095  acc=88.90%
Epoch 5/5  loss=0.2790  acc=90.00%
Epoch 1/5  loss=0.3569  acc=86.97%
Epoch 2/5  loss=0.3281  acc=87.53%
Epoch 3/5  loss=0.3143  acc=88.53%
Epoch 4/5  loss=0.2887  acc=89.30%
Epoch 5/5  loss=0.2788  acc=89.63%
Epoch 1/5  loss=0.3725  acc=86.13%
Epoch 2/5  loss=0.3463  acc=86.87%
Epoch 3/5  loss=0.3199  acc=88.13%
Epoch 4/5  loss=0.3004  acc=88.30%
Epoch 5/5  loss=0.2818  acc=89.23%
Epoch 1/5  loss=0.3968  acc=84.93%
Epoch 2/5  loss=0.3916  acc=84.97%
Epoch 3/5  loss=0.3542  acc=86.57%
Epoch 4/5  loss=0.3308  acc=87.40%
Epoch 5/5  loss=0.3035  acc=88.40%
Epoch 1/5  loss=0.3853  acc=86.37%
Epoch 2/5  loss=0.3612  acc=86.50%
Epoch 3/5  loss=0.3213  acc=88.03%
Epoch 4/5  loss=0.3054  acc=88.80%
Epoch 5/5  loss=0.2885  acc=88.87%
Epoch 1/5  loss=0.3819  acc=85.00%
Epoch 2/5  loss=0.3431  acc=87.00%
Epoch 3/5  loss=0.3225  acc=87.63%
Epoch 4/5  loss=0.3003  acc=88.67%
Epoch 5/5  loss=0.2889  acc=89.30%
Epoch 1/5  loss=0.3520  acc=87.57%
Epoch 2/5  loss=0.3223  acc=87.90%
Epoch 3/5  loss=0.2984  acc=88.80%
Epoch 4/5  loss=0.2873  acc=89.43%
Epoch 5/5  loss=0.2601  acc=90.93%
Epoch 1/5  loss=0.3769  acc=86.33%
Epoch 2/5  loss=0.3582  acc=86.47%
Epoch 3/5  loss=0.3251  acc=87.80%
Epoch 4/5  loss=0.3041  acc=88.17%
Epoch 5/5  loss=0.2890  acc=88.80%
Epoch 1/5  loss=0.3758  acc=86.47%
Epoch 2/5  loss=0.3540  acc=87.20%
Epoch 3/5  loss=0.3250  acc=87.70%
Epoch 4/5  loss=0.3002  acc=88.77%
Epoch 5/5  loss=0.2921  acc=88.70%
Epoch 1/5  loss=0.3986  acc=85.43%
Epoch 2/5  loss=0.3882  acc=85.77%
Epoch 3/5  loss=0.3458  acc=87.87%
Epoch 4/5  loss=0.3326  acc=87.93%
Epoch 5/5  loss=0.3109  acc=88.53%
Epoch 1/5  loss=89122.1890  acc=10.73%
Epoch 2/5  loss=31.2468  acc=10.63%
Epoch 3/5  loss=4.1651  acc=10.33%
Epoch 4/5  loss=2.4752  acc=10.70%
Epoch 5/5  loss=2.4065  acc=10.07%
Epoch 1/5  loss=339992.2480  acc=10.63%
Epoch 2/5  loss=17.8557  acc=10.23%
Epoch 3/5  loss=5.8039  acc=10.23%
Epoch 4/5  loss=2.7007  acc=10.23%
Epoch 5/5  loss=2.5670  acc=10.10%
Epoch 1/5  loss=0.3733  acc=86.17%
Epoch 2/5  loss=0.3375  acc=87.70%
Epoch 3/5  loss=0.3179  acc=88.13%
Epoch 4/5  loss=0.2767  acc=89.83%
Epoch 5/5  loss=0.2755  acc=89.50%
Epoch 1/5  loss=0.3728  acc=86.10%
Epoch 2/5  loss=0.3381  acc=87.30%
Epoch 3/5  loss=0.3224  acc=87.57%
Epoch 4/5  loss=0.2947  acc=89.00%
Epoch 5/5  loss=0.2841  acc=89.17%
Epoch 1/5  loss=0.3941  acc=84.57%
Epoch 2/5  loss=0.3563  acc=86.57%
Epoch 3/5  loss=0.3383  acc=86.83%
Epoch 4/5  loss=0.3164  acc=87.43%
Epoch 5/5  loss=0.3036  acc=88.40%
Epoch 1/5  loss=0.3608  acc=86.70%
Epoch 2/5  loss=0.3272  acc=88.00%
Epoch 3/5  loss=0.2925  acc=89.87%
Epoch 4/5  loss=0.2760  acc=90.27%
Epoch 5/5  loss=0.2628  acc=90.07%
Epoch 1/5  loss=0.3758  acc=86.00%
Epoch 2/5  loss=0.3435  acc=87.13%
Epoch 3/5  loss=0.3238  acc=88.07%
Epoch 4/5  loss=0.2962  acc=89.20%
Epoch 5/5  loss=0.2842  acc=89.60%
Epoch 1/5  loss=0.3616  acc=86.40%
Epoch 2/5  loss=0.3253  acc=87.83%
Epoch 3/5  loss=0.3104  acc=88.43%
Epoch 4/5  loss=0.2977  acc=88.67%
Epoch 5/5  loss=0.2756  acc=89.53%
Epoch 1/5  loss=0.3668  acc=86.73%
Epoch 2/5  loss=0.3299  acc=88.00%
Epoch 3/5  loss=0.3127  acc=88.20%
Epoch 4/5  loss=0.2899  acc=89.63%
Epoch 5/5  loss=0.2773  acc=89.50%
Epoch 1/5  loss=0.3709  acc=86.10%
Epoch 2/5  loss=0.3253  acc=87.30%
Epoch 3/5  loss=0.3053  acc=88.43%
Epoch 4/5  loss=0.2867  acc=89.40%
Epoch 5/5  loss=0.2706  acc=90.33%
Epoch 1/5  loss=0.3465  acc=87.50%
Epoch 2/5  loss=0.3138  acc=88.63%
Epoch 3/5  loss=0.2985  acc=89.10%
Epoch 4/5  loss=0.2770  acc=89.83%
Epoch 5/5  loss=0.2520  acc=90.93%
Epoch 1/5  loss=0.3406  acc=87.57%
Epoch 2/5  loss=0.3251  acc=87.83%
Epoch 3/5  loss=0.2883  acc=89.10%
Epoch 4/5  loss=0.2723  acc=90.20%
Epoch 5/5  loss=0.2547  acc=90.33%
Epoch 1/5  loss=0.3690  acc=86.07%
Epoch 2/5  loss=0.3329  acc=87.27%
Epoch 3/5  loss=0.3035  acc=88.50%
Epoch 4/5  loss=0.2952  acc=88.80%
Epoch 5/5  loss=0.2710  acc=89.37%
Epoch 1/5  loss=0.3932  acc=86.27%
Epoch 2/5  loss=0.3489  acc=87.33%
Epoch 3/5  loss=0.3299  acc=87.83%
Epoch 4/5  loss=0.3061  acc=88.47%
Epoch 5/5  loss=0.3038  acc=88.17%
Epoch 1/5  loss=0.3671  acc=86.50%
Epoch 2/5  loss=0.3297  acc=87.43%
Epoch 3/5  loss=0.3152  acc=88.03%
Epoch 4/5  loss=0.2888  acc=88.87%
Epoch 5/5  loss=0.2700  acc=89.83%
Epoch 1/5  loss=0.3578  acc=86.77%
Epoch 2/5  loss=0.3339  acc=87.10%
Epoch 3/5  loss=0.2994  acc=88.77%
Epoch 4/5  loss=0.2916  acc=88.83%
Epoch 5/5  loss=0.2749  acc=89.90%
Epoch 1/5  loss=0.3297  acc=88.33%
Epoch 2/5  loss=0.3138  acc=88.23%
Epoch 3/5  loss=0.2797  acc=89.53%
Epoch 4/5  loss=0.2635  acc=90.43%
Epoch 5/5  loss=0.2321  acc=91.27%
Epoch 1/5  loss=0.3811  acc=85.77%
Epoch 2/5  loss=0.3309  acc=87.33%
Epoch 3/5  loss=0.3041  acc=87.73%
Epoch 4/5  loss=0.2840  acc=89.10%
Epoch 5/5  loss=0.2855  acc=88.77%
Epoch 1/5  loss=0.3728  acc=86.30%
Epoch 2/5  loss=0.3316  acc=87.77%
Epoch 3/5  loss=0.3103  acc=88.30%
Epoch 4/5  loss=0.2851  acc=89.47%
Epoch 5/5  loss=0.2715  acc=90.27%
Epoch 1/5  loss=0.3846  acc=85.57%
Epoch 2/5  loss=0.3501  acc=87.10%
Epoch 3/5  loss=0.3269  acc=88.00%
Epoch 4/5  loss=0.2994  acc=89.27%
Epoch 5/5  loss=0.2852  acc=89.60%
Epoch 1/5  loss=113018.2700  acc=9.33%
Epoch 2/5  loss=133.2903  acc=9.40%
Epoch 3/5  loss=45.9716  acc=9.37%
Epoch 4/5  loss=16.4973  acc=9.70%
Epoch 5/5  loss=6.3736  acc=9.53%
Epoch 1/5  loss=264701.6491  acc=10.10%
Epoch 2/5  loss=2264.8611  acc=10.00%
Epoch 3/5  loss=1566.5748  acc=9.67%
Epoch 4/5  loss=956.6287  acc=10.23%
Epoch 5/5  loss=467.0368  acc=10.27%
Epoch 1/5  loss=0.3551  acc=86.90%
Epoch 2/5  loss=0.3233  acc=87.30%
Epoch 3/5  loss=0.2947  acc=89.10%
Epoch 4/5  loss=0.2718  acc=89.37%
Epoch 5/5  loss=0.2527  acc=90.60%
Epoch 1/5  loss=0.3593  acc=86.53%
Epoch 2/5  loss=0.3188  acc=87.87%
Epoch 3/5  loss=0.3018  acc=89.03%
Epoch 4/5  loss=0.2663  acc=90.07%
Epoch 5/5  loss=0.2578  acc=89.90%
Epoch 1/5  loss=0.3762  acc=85.60%
Epoch 2/5  loss=0.3368  acc=87.27%
Epoch 3/5  loss=0.3186  acc=87.70%
Epoch 4/5  loss=0.3007  acc=88.53%
Epoch 5/5  loss=0.2815  acc=89.50%
Epoch 1/5  loss=0.3463  acc=86.50%
Epoch 2/5  loss=0.3111  acc=87.87%
Epoch 3/5  loss=0.2797  acc=89.33%
Epoch 4/5  loss=0.2606  acc=90.57%
Epoch 5/5  loss=0.2478  acc=90.90%
Epoch 1/5  loss=0.3565  acc=86.27%
Epoch 2/5  loss=0.3297  acc=87.73%
Epoch 3/5  loss=0.3055  acc=89.30%
Epoch 4/5  loss=0.2951  acc=88.87%
Epoch 5/5  loss=0.2723  acc=89.43%
Epoch 1/5  loss=0.3586  acc=87.47%
Epoch 2/5  loss=0.3235  acc=88.07%
Epoch 3/5  loss=0.2942  acc=89.23%
Epoch 4/5  loss=0.2848  acc=89.33%
Epoch 5/5  loss=0.2579  acc=90.83%
Epoch 1/5  loss=0.3504  acc=87.43%
Epoch 2/5  loss=0.3234  acc=87.90%
Epoch 3/5  loss=0.2939  acc=88.93%
Epoch 4/5  loss=0.2767  acc=89.53%
Epoch 5/5  loss=0.2569  acc=90.57%
Epoch 1/5  loss=0.3557  acc=87.07%
Epoch 2/5  loss=0.3239  acc=87.57%
Epoch 3/5  loss=0.2956  acc=89.03%
Epoch 4/5  loss=0.2889  acc=89.23%
Epoch 5/5  loss=0.2571  acc=90.60%
Epoch 1/5  loss=0.3392  acc=87.17%
Epoch 2/5  loss=0.3097  acc=88.27%
Epoch 3/5  loss=0.2851  acc=89.73%
Epoch 4/5  loss=0.2639  acc=90.23%
Epoch 5/5  loss=0.2461  acc=91.17%
Epoch 1/5  loss=0.3354  acc=87.33%
Epoch 2/5  loss=0.3174  acc=88.13%
Epoch 3/5  loss=0.2959  acc=88.53%
Epoch 4/5  loss=0.2651  acc=90.00%
Epoch 5/5  loss=0.2451  acc=90.83%
Epoch 1/5  loss=0.3565  acc=86.40%
Epoch 2/5  loss=0.3240  acc=88.17%
Epoch 3/5  loss=0.2914  acc=89.10%
Epoch 4/5  loss=0.2764  acc=89.17%
Epoch 5/5  loss=0.2639  acc=90.40%
Epoch 1/5  loss=0.3786  acc=86.57%
Epoch 2/5  loss=0.3353  acc=87.23%
Epoch 3/5  loss=0.3199  acc=87.47%
Epoch 4/5  loss=0.2959  acc=88.93%
Epoch 5/5  loss=0.2810  acc=89.30%
Epoch 1/5  loss=0.3553  acc=87.00%
Epoch 2/5  loss=0.3286  acc=87.77%
Epoch 3/5  loss=0.2995  acc=88.63%
Epoch 4/5  loss=0.2807  acc=89.23%
Epoch 5/5  loss=0.2686  acc=90.07%
Epoch 1/5  loss=0.3467  acc=86.67%
Epoch 2/5  loss=0.3183  acc=87.80%
Epoch 3/5  loss=0.2973  acc=88.90%
Epoch 4/5  loss=0.2796  acc=89.53%
Epoch 5/5  loss=0.2555  acc=90.30%
Epoch 1/5  loss=0.3251  acc=87.60%
Epoch 2/5  loss=0.2968  acc=88.37%
Epoch 3/5  loss=0.2687  acc=89.97%
Epoch 4/5  loss=0.2512  acc=90.27%
Epoch 5/5  loss=0.2417  acc=90.83%
Epoch 1/5  loss=0.3614  acc=86.93%
Epoch 2/5  loss=0.3260  acc=87.70%
Epoch 3/5  loss=0.3022  acc=88.27%
Epoch 4/5  loss=0.2777  acc=89.03%
Epoch 5/5  loss=0.2919  acc=89.40%
Epoch 1/5  loss=0.3593  acc=87.30%
Epoch 2/5  loss=0.3196  acc=88.37%
Epoch 3/5  loss=0.2956  acc=88.77%
Epoch 4/5  loss=0.2825  acc=89.60%
Epoch 5/5  loss=0.2592  acc=90.40%
Epoch 1/5  loss=0.3756  acc=86.37%
Epoch 2/5  loss=0.3370  acc=87.70%
Epoch 3/5  loss=0.3225  acc=88.30%
Epoch 4/5  loss=0.2917  acc=88.73%
Epoch 5/5  loss=0.2749  acc=89.67%
Epoch 1/5  loss=116552.7280  acc=9.90%
Epoch 2/5  loss=526.0696  acc=9.97%
Epoch 3/5  loss=313.1375  acc=9.97%
Epoch 4/5  loss=156.1909  acc=9.97%
Epoch 5/5  loss=68.4022  acc=9.40%
Epoch 1/5  loss=417675.7178  acc=11.17%
Epoch 2/5  loss=2055.5432  acc=10.97%
Epoch 3/5  loss=67.4446  acc=10.97%
Epoch 4/5  loss=9.4746  acc=10.97%
Epoch 5/5  loss=3.6332  acc=10.97%
Epoch 1/5  loss=0.3544  acc=87.13%
Epoch 2/5  loss=0.3024  acc=89.00%
Epoch 3/5  loss=0.2722  acc=90.03%
Epoch 4/5  loss=0.2634  acc=89.93%
Epoch 5/5  loss=0.2403  acc=91.43%
Epoch 1/5  loss=0.3406  acc=87.30%
Epoch 2/5  loss=0.3094  acc=88.13%
Epoch 3/5  loss=0.2795  acc=89.70%
Epoch 4/5  loss=0.2514  acc=90.60%
Epoch 5/5  loss=0.2415  acc=90.80%
Epoch 1/5  loss=0.3600  acc=85.80%
Epoch 2/5  loss=0.3358  acc=86.97%
Epoch 3/5  loss=0.3009  acc=88.50%
Epoch 4/5  loss=0.2870  acc=89.10%
Epoch 5/5  loss=0.2785  acc=89.47%
Epoch 1/5  loss=0.3340  acc=87.03%
Epoch 2/5  loss=0.2825  acc=89.43%
Epoch 3/5  loss=0.2627  acc=90.07%
Epoch 4/5  loss=0.2386  acc=90.83%
Epoch 5/5  loss=0.2249  acc=91.30%
Epoch 1/5  loss=0.3535  acc=87.23%
Epoch 2/5  loss=0.3012  acc=88.57%
Epoch 3/5  loss=0.2926  acc=88.77%
Epoch 4/5  loss=0.2708  acc=89.67%
Epoch 5/5  loss=0.2515  acc=90.77%
Epoch 1/5  loss=0.3508  acc=87.17%
Epoch 2/5  loss=0.3123  acc=88.47%
Epoch 3/5  loss=0.2828  acc=89.53%
Epoch 4/5  loss=0.2608  acc=90.87%
Epoch 5/5  loss=0.2534  acc=90.77%
Epoch 1/5  loss=0.3405  acc=88.03%
Epoch 2/5  loss=0.3035  acc=88.23%
Epoch 3/5  loss=0.2857  acc=89.53%
Epoch 4/5  loss=0.2667  acc=90.10%
Epoch 5/5  loss=0.2494  acc=90.43%
Epoch 1/5  loss=0.3424  acc=88.00%
Epoch 2/5  loss=0.3085  acc=87.70%
Epoch 3/5  loss=0.2754  acc=89.13%
Epoch 4/5  loss=0.2567  acc=90.33%
Epoch 5/5  loss=0.2323  acc=91.30%
Epoch 1/5  loss=0.3418  acc=87.97%
Epoch 2/5  loss=0.2902  acc=90.17%
Epoch 3/5  loss=0.2593  acc=90.20%
Epoch 4/5  loss=0.2448  acc=91.47%
Epoch 5/5  loss=0.2272  acc=91.97%
Epoch 1/5  loss=0.3263  acc=88.20%
Epoch 2/5  loss=0.2714  acc=89.77%
Epoch 3/5  loss=0.2587  acc=90.23%
Epoch 4/5  loss=0.2447  acc=90.47%
Epoch 5/5  loss=0.2273  acc=91.07%
Epoch 1/5  loss=0.3420  acc=87.60%
Epoch 2/5  loss=0.2989  acc=89.27%
Epoch 3/5  loss=0.2696  acc=89.77%
Epoch 4/5  loss=0.2526  acc=90.60%
Epoch 5/5  loss=0.2409  acc=91.03%
Epoch 1/5  loss=0.3740  acc=86.53%
Epoch 2/5  loss=0.3346  acc=87.70%
Epoch 3/5  loss=0.2978  acc=88.83%
Epoch 4/5  loss=0.2891  acc=88.80%
Epoch 5/5  loss=0.2608  acc=89.90%
Epoch 1/5  loss=0.3511  acc=87.37%
Epoch 2/5  loss=0.3079  acc=88.70%
Epoch 3/5  loss=0.2791  acc=89.10%
Epoch 4/5  loss=0.2532  acc=90.07%
Epoch 5/5  loss=0.2433  acc=90.07%
Epoch 1/5  loss=0.3513  acc=87.33%
Epoch 2/5  loss=0.3060  acc=88.47%
Epoch 3/5  loss=0.2747  acc=89.87%
Epoch 4/5  loss=0.2587  acc=90.10%
Epoch 5/5  loss=0.2455  acc=90.83%
Epoch 1/5  loss=0.3066  acc=89.03%
Epoch 2/5  loss=0.2732  acc=89.97%
Epoch 3/5  loss=0.2465  acc=90.67%
Epoch 4/5  loss=0.2319  acc=91.27%
Epoch 5/5  loss=0.2125  acc=92.47%
Epoch 1/5  loss=0.3564  acc=87.37%
Epoch 2/5  loss=0.3116  acc=87.47%
Epoch 3/5  loss=0.2856  acc=89.07%
Epoch 4/5  loss=0.2571  acc=89.63%
Epoch 5/5  loss=0.2481  acc=90.13%
Epoch 1/5  loss=0.3523  acc=87.40%
Epoch 2/5  loss=0.3042  acc=88.80%
Epoch 3/5  loss=0.2776  acc=90.00%
Epoch 4/5  loss=0.2522  acc=90.53%
Epoch 5/5  loss=0.2371  acc=91.37%
Epoch 1/5  loss=0.3714  acc=86.33%
Epoch 2/5  loss=0.3228  acc=87.60%
Epoch 3/5  loss=0.2941  acc=88.77%
Epoch 4/5  loss=0.2705  acc=89.80%
Epoch 5/5  loss=0.2501  acc=91.20%
Epoch 1/5  loss=123152.9349  acc=9.97%
Epoch 2/5  loss=8.8330  acc=9.97%
Epoch 3/5  loss=4.7199  acc=9.97%
Epoch 4/5  loss=2.8443  acc=9.97%
Epoch 5/5  loss=2.4222  acc=9.40%
Epoch 1/5  loss=245011.3204  acc=9.83%
Epoch 2/5  loss=491.6477  acc=9.87%
Epoch 3/5  loss=357.5667  acc=9.87%
Epoch 4/5  loss=256.5341  acc=9.70%
Epoch 5/5  loss=175.9776  acc=9.47%
Epoch 1/5  loss=0.3480  acc=88.27%
Epoch 2/5  loss=0.2895  acc=88.93%
Epoch 3/5  loss=0.2669  acc=90.07%
Epoch 4/5  loss=0.2382  acc=91.47%
Epoch 5/5  loss=0.2206  acc=92.43%
Epoch 1/5  loss=0.3242  acc=88.13%
Epoch 2/5  loss=0.2856  acc=88.83%
Epoch 3/5  loss=0.2511  acc=90.20%
Epoch 4/5  loss=0.2332  acc=91.17%
Epoch 5/5  loss=0.2299  acc=91.03%
Epoch 1/5  loss=0.3614  acc=85.87%
Epoch 2/5  loss=0.3098  acc=88.03%
Epoch 3/5  loss=0.2795  acc=89.73%
Epoch 4/5  loss=0.2629  acc=89.70%
Epoch 5/5  loss=0.2426  acc=90.57%
Epoch 1/5  loss=0.3135  acc=88.13%
Epoch 2/5  loss=0.2754  acc=89.77%
Epoch 3/5  loss=0.2479  acc=90.83%
Epoch 4/5  loss=0.2336  acc=91.27%
Epoch 5/5  loss=0.2194  acc=91.97%
Epoch 1/5  loss=0.3394  acc=87.13%
Epoch 2/5  loss=0.3024  acc=88.73%
Epoch 3/5  loss=0.2706  acc=89.90%
Epoch 4/5  loss=0.2612  acc=89.77%
Epoch 5/5  loss=0.2485  acc=90.67%
Epoch 1/5  loss=0.3253  acc=88.27%
Epoch 2/5  loss=0.2910  acc=88.67%
Epoch 3/5  loss=0.2652  acc=90.40%
Epoch 4/5  loss=0.2447  acc=91.00%
Epoch 5/5  loss=0.2357  acc=91.37%
Epoch 1/5  loss=0.3312  acc=87.83%
Epoch 2/5  loss=0.2917  acc=89.37%
Epoch 3/5  loss=0.2659  acc=90.03%
Epoch 4/5  loss=0.2437  acc=90.57%
Epoch 5/5  loss=0.2257  acc=90.97%
Epoch 1/5  loss=0.3273  acc=87.77%
Epoch 2/5  loss=0.2937  acc=88.93%
Epoch 3/5  loss=0.2682  acc=89.73%
Epoch 4/5  loss=0.2507  acc=90.47%
Epoch 5/5  loss=0.2416  acc=90.60%
Epoch 1/5  loss=0.3125  acc=89.00%
Epoch 2/5  loss=0.2773  acc=89.47%
Epoch 3/5  loss=0.2556  acc=91.17%
Epoch 4/5  loss=0.2326  acc=91.80%
Epoch 5/5  loss=0.2272  acc=91.90%
Epoch 1/5  loss=0.3122  acc=88.63%
Epoch 2/5  loss=0.2718  acc=90.20%
Epoch 3/5  loss=0.2435  acc=90.73%
Epoch 4/5  loss=0.2310  acc=91.33%
Epoch 5/5  loss=0.2034  acc=92.33%
Epoch 1/5  loss=0.3339  acc=87.57%
Epoch 2/5  loss=0.2863  acc=89.13%
Epoch 3/5  loss=0.2628  acc=90.03%
Epoch 4/5  loss=0.2458  acc=91.00%
Epoch 5/5  loss=0.2232  acc=91.37%
Epoch 1/5  loss=0.3575  acc=86.80%
Epoch 2/5  loss=0.3031  acc=88.27%
Epoch 3/5  loss=0.2818  acc=89.50%
Epoch 4/5  loss=0.2697  acc=90.00%
Epoch 5/5  loss=0.2480  acc=90.10%
Epoch 1/5  loss=0.3316  acc=88.00%
Epoch 2/5  loss=0.2892  acc=88.87%
Epoch 3/5  loss=0.2625  acc=89.87%
Epoch 4/5  loss=0.2453  acc=90.70%
Epoch 5/5  loss=0.2372  acc=91.27%
Epoch 1/5  loss=0.3312  acc=87.57%
Epoch 2/5  loss=0.2903  acc=89.30%
Epoch 3/5  loss=0.2618  acc=90.47%
Epoch 4/5  loss=0.2421  acc=90.47%
Epoch 5/5  loss=0.2261  acc=91.67%
Epoch 1/5  loss=0.3105  acc=88.63%
Epoch 2/5  loss=0.2703  acc=90.13%
Epoch 3/5  loss=0.2395  acc=90.90%
Epoch 4/5  loss=0.2185  acc=91.87%
Epoch 5/5  loss=0.2003  acc=92.63%
Epoch 1/5  loss=0.3542  acc=86.90%
Epoch 2/5  loss=0.2956  acc=88.57%
Epoch 3/5  loss=0.2670  acc=89.53%
Epoch 4/5  loss=0.2499  acc=90.03%
Epoch 5/5  loss=0.2337  acc=90.70%
Epoch 1/5  loss=0.3425  acc=87.27%
Epoch 2/5  loss=0.2915  acc=89.70%
Epoch 3/5  loss=0.2692  acc=90.37%
Epoch 4/5  loss=0.2402  acc=91.67%
Epoch 5/5  loss=0.2397  acc=90.63%
Epoch 1/5  loss=0.3389  acc=87.70%
Epoch 2/5  loss=0.3015  acc=88.63%
Epoch 3/5  loss=0.2859  acc=88.93%
Epoch 4/5  loss=0.2585  acc=90.07%
Epoch 5/5  loss=0.2422  acc=90.73%
Epoch 1/5  loss=110252.9571  acc=10.17%
Epoch 2/5  loss=83.0228  acc=10.00%
Epoch 3/5  loss=46.8605  acc=10.20%
Epoch 4/5  loss=27.3959  acc=10.63%
Epoch 5/5  loss=15.4170  acc=10.63%
Epoch 1/5  loss=346112.0603  acc=10.73%
Epoch 2/5  loss=245.9076  acc=10.43%
Epoch 3/5  loss=137.9440  acc=10.43%
Epoch 4/5  loss=76.4657  acc=9.60%
Epoch 5/5  loss=41.6780  acc=9.97%
Epoch 1/5  loss=0.3201  acc=88.30%
Epoch 2/5  loss=0.2730  acc=89.90%
Epoch 3/5  loss=0.2533  acc=90.33%
Epoch 4/5  loss=0.2375  acc=91.47%
Epoch 5/5  loss=0.2140  acc=91.97%
Epoch 1/5  loss=0.3106  acc=88.57%
Epoch 2/5  loss=0.2783  acc=89.23%
Epoch 3/5  loss=0.2556  acc=90.27%
Epoch 4/5  loss=0.2274  acc=91.57%
Epoch 5/5  loss=0.2081  acc=91.67%
Epoch 1/5  loss=0.3407  acc=86.77%
Epoch 2/5  loss=0.2989  acc=88.43%
Epoch 3/5  loss=0.2743  acc=89.03%
Epoch 4/5  loss=0.2481  acc=90.63%
Epoch 5/5  loss=0.2417  acc=91.20%
Epoch 1/5  loss=0.3112  acc=87.93%
Epoch 2/5  loss=0.2736  acc=89.80%
Epoch 3/5  loss=0.2402  acc=91.50%
Epoch 4/5  loss=0.2245  acc=91.17%
Epoch 5/5  loss=0.2041  acc=92.13%
Epoch 1/5  loss=0.3393  acc=88.00%
Epoch 2/5  loss=0.2918  acc=88.70%
Epoch 3/5  loss=0.2814  acc=88.77%
Epoch 4/5  loss=0.2564  acc=90.20%
Epoch 5/5  loss=0.2375  acc=90.77%
Epoch 1/5  loss=0.3272  acc=88.37%
Epoch 2/5  loss=0.2898  acc=88.83%
Epoch 3/5  loss=0.2588  acc=90.40%
Epoch 4/5  loss=0.2341  acc=91.40%
Epoch 5/5  loss=0.2281  acc=91.83%
Epoch 1/5  loss=0.3189  acc=88.60%
Epoch 2/5  loss=0.2851  acc=89.13%
Epoch 3/5  loss=0.2487  acc=90.33%
Epoch 4/5  loss=0.2412  acc=91.13%
Epoch 5/5  loss=0.2213  acc=91.80%
Epoch 1/5  loss=0.3268  acc=87.93%
Epoch 2/5  loss=0.2817  acc=89.47%
Epoch 3/5  loss=0.2548  acc=90.63%
Epoch 4/5  loss=0.2396  acc=91.00%
Epoch 5/5  loss=0.2219  acc=91.93%
Epoch 1/5  loss=0.3023  acc=89.07%
Epoch 2/5  loss=0.2758  acc=89.93%
Epoch 3/5  loss=0.2426  acc=91.10%
Epoch 4/5  loss=0.2230  acc=92.20%
Epoch 5/5  loss=0.2115  acc=92.60%
Epoch 1/5  loss=0.2992  acc=88.63%
Epoch 2/5  loss=0.2692  acc=90.03%
Epoch 3/5  loss=0.2368  acc=91.00%
Epoch 4/5  loss=0.2227  acc=91.67%
Epoch 5/5  loss=0.2114  acc=91.60%
Epoch 1/5  loss=0.3256  acc=88.20%
Epoch 2/5  loss=0.2833  acc=89.37%
Epoch 3/5  loss=0.2575  acc=90.30%
Epoch 4/5  loss=0.2373  acc=90.70%
Epoch 5/5  loss=0.2232  acc=91.73%
Epoch 1/5  loss=0.3376  acc=87.77%
Epoch 2/5  loss=0.3052  acc=88.60%
Epoch 3/5  loss=0.2834  acc=89.17%
Epoch 4/5  loss=0.2510  acc=90.20%
Epoch 5/5  loss=0.2407  acc=91.00%
Epoch 1/5  loss=0.3322  acc=87.73%
Epoch 2/5  loss=0.2847  acc=88.97%
Epoch 3/5  loss=0.2553  acc=90.07%
Epoch 4/5  loss=0.2377  acc=91.07%
Epoch 5/5  loss=0.2329  acc=90.97%
Epoch 1/5  loss=0.3232  acc=88.07%
Epoch 2/5  loss=0.2849  acc=88.87%
Epoch 3/5  loss=0.2523  acc=90.40%
Epoch 4/5  loss=0.2292  acc=91.60%
Epoch 5/5  loss=0.2273  acc=91.83%
Epoch 1/5  loss=0.2946  acc=89.13%
Epoch 2/5  loss=0.2636  acc=90.00%
Epoch 3/5  loss=0.2259  acc=91.43%
Epoch 4/5  loss=0.2078  acc=92.13%
Epoch 5/5  loss=0.1978  acc=92.67%
Epoch 1/5  loss=0.3316  acc=87.87%
Epoch 2/5  loss=0.2826  acc=89.83%
Epoch 3/5  loss=0.2705  acc=89.60%
Epoch 4/5  loss=0.2384  acc=91.03%
Epoch 5/5  loss=0.2383  acc=90.97%
Epoch 1/5  loss=0.3238  acc=88.30%
Epoch 2/5  loss=0.2822  acc=89.63%
Epoch 3/5  loss=0.2634  acc=89.93%
Epoch 4/5  loss=0.2401  acc=90.63%
Epoch 5/5  loss=0.2261  acc=91.73%
Epoch 1/5  loss=0.3318  acc=87.57%
Epoch 2/5  loss=0.2983  acc=88.87%
Epoch 3/5  loss=0.2706  acc=89.57%
Epoch 4/5  loss=0.2512  acc=90.73%
Epoch 5/5  loss=0.2324  acc=91.37%
Epoch 1/5  loss=106252.4231  acc=9.90%
Epoch 2/5  loss=282.9776  acc=9.80%
Epoch 3/5  loss=45.1876  acc=9.63%
Epoch 4/5  loss=11.3675  acc=9.03%
Epoch 5/5  loss=3.9595  acc=10.43%
Epoch 1/5  loss=404324.4606  acc=9.73%
Epoch 2/5  loss=1249.4629  acc=9.67%
Epoch 3/5  loss=402.0333  acc=9.90%
Epoch 4/5  loss=165.6613  acc=10.43%
Epoch 5/5  loss=79.4102  acc=10.10%
Epoch 1/5  loss=0.3024  acc=89.07%
Epoch 2/5  loss=0.2742  acc=90.03%
Epoch 3/5  loss=0.2398  acc=91.10%
Epoch 4/5  loss=0.2262  acc=91.77%
Epoch 5/5  loss=0.2048  acc=92.33%
Epoch 1/5  loss=0.3087  acc=88.37%
Epoch 2/5  loss=0.2682  acc=89.23%
Epoch 3/5  loss=0.2412  acc=90.60%
Epoch 4/5  loss=0.2215  acc=91.23%
Epoch 5/5  loss=0.2030  acc=92.03%
Epoch 1/5  loss=0.3417  acc=87.27%
Epoch 2/5  loss=0.2914  acc=88.30%
Epoch 3/5  loss=0.2658  acc=90.00%
Epoch 4/5  loss=0.2463  acc=90.20%
Epoch 5/5  loss=0.2267  acc=92.10%
Epoch 1/5  loss=0.3023  acc=88.43%
Epoch 2/5  loss=0.2564  acc=90.13%
Epoch 3/5  loss=0.2381  acc=90.93%
Epoch 4/5  loss=0.2138  acc=91.87%
Epoch 5/5  loss=0.1875  acc=93.07%
Epoch 1/5  loss=0.3205  acc=88.27%
Epoch 2/5  loss=0.2858  acc=88.97%
Epoch 3/5  loss=0.2630  acc=89.93%
Epoch 4/5  loss=0.2415  acc=90.47%
Epoch 5/5  loss=0.2316  acc=90.83%
Epoch 1/5  loss=0.3160  acc=89.07%
Epoch 2/5  loss=0.2762  acc=89.47%
Epoch 3/5  loss=0.2508  acc=90.70%
Epoch 4/5  loss=0.2369  acc=91.40%
Epoch 5/5  loss=0.2230  acc=91.57%
Epoch 1/5  loss=0.3122  acc=89.10%
Epoch 2/5  loss=0.2753  acc=89.63%
Epoch 3/5  loss=0.2484  acc=90.37%
Epoch 4/5  loss=0.2333  acc=90.83%
Epoch 5/5  loss=0.1999  acc=92.13%
Epoch 1/5  loss=0.3280  acc=88.33%
Epoch 2/5  loss=0.2826  acc=89.57%
Epoch 3/5  loss=0.2452  acc=91.00%
Epoch 4/5  loss=0.2266  acc=91.33%
Epoch 5/5  loss=0.2100  acc=92.63%
Epoch 1/5  loss=0.2917  acc=89.47%
Epoch 2/5  loss=0.2651  acc=89.97%
Epoch 3/5  loss=0.2504  acc=90.83%
Epoch 4/5  loss=0.2218  acc=92.07%
Epoch 5/5  loss=0.1995  acc=92.53%
Epoch 1/5  loss=0.2966  acc=88.63%
Epoch 2/5  loss=0.2577  acc=90.60%
Epoch 3/5  loss=0.2211  acc=91.97%
Epoch 4/5  loss=0.2056  acc=92.37%
Epoch 5/5  loss=0.1940  acc=93.00%
Epoch 1/5  loss=0.3121  acc=88.60%
Epoch 2/5  loss=0.2875  acc=89.53%
Epoch 3/5  loss=0.2446  acc=90.33%
Epoch 4/5  loss=0.2207  acc=91.97%
Epoch 5/5  loss=0.2150  acc=91.50%
Epoch 1/5  loss=0.3315  acc=87.83%
Epoch 2/5  loss=0.2878  acc=88.77%
Epoch 3/5  loss=0.2686  acc=90.03%
Epoch 4/5  loss=0.2409  acc=90.70%
Epoch 5/5  loss=0.2227  acc=91.67%
Epoch 1/5  loss=0.3158  acc=88.43%
Epoch 2/5  loss=0.2756  acc=89.43%
Epoch 3/5  loss=0.2552  acc=90.10%
Epoch 4/5  loss=0.2352  acc=90.93%
Epoch 5/5  loss=0.2145  acc=92.27%
Epoch 1/5  loss=0.3201  acc=88.43%
Epoch 2/5  loss=0.2670  acc=90.00%
Epoch 3/5  loss=0.2545  acc=90.03%
Epoch 4/5  loss=0.2309  acc=91.07%
Epoch 5/5  loss=0.2135  acc=91.97%
Epoch 1/5  loss=0.2879  acc=88.70%
Epoch 2/5  loss=0.2442  acc=90.87%
Epoch 3/5  loss=0.2210  acc=91.70%
Epoch 4/5  loss=0.2025  acc=92.33%
Epoch 5/5  loss=0.1819  acc=93.30%
Epoch 1/5  loss=0.3281  acc=88.17%
Epoch 2/5  loss=0.2796  acc=89.40%
Epoch 3/5  loss=0.2522  acc=90.63%
Epoch 4/5  loss=0.2281  acc=91.53%
Epoch 5/5  loss=0.2219  acc=91.43%
Epoch 1/5  loss=0.3323  acc=88.53%
Epoch 2/5  loss=0.2814  acc=89.13%
Epoch 3/5  loss=0.2455  acc=90.77%
Epoch 4/5  loss=0.2308  acc=91.77%
Epoch 5/5  loss=0.2143  acc=92.33%
Epoch 1/5  loss=0.3263  acc=88.07%
Epoch 2/5  loss=0.2874  acc=89.27%
Epoch 3/5  loss=0.2680  acc=89.73%
Epoch 4/5  loss=0.2360  acc=90.73%
Epoch 5/5  loss=0.2198  acc=91.33%
Epoch 1/5  loss=115788.3058  acc=11.13%
Epoch 2/5  loss=156.1469  acc=9.50%
Epoch 3/5  loss=64.0626  acc=9.53%
Epoch 4/5  loss=26.8665  acc=9.33%
Epoch 5/5  loss=12.8799  acc=9.77%
Epoch 1/5  loss=306246.0076  acc=8.77%
Epoch 2/5  loss=423.3002  acc=9.50%
Epoch 3/5  loss=252.8203  acc=10.40%
Epoch 4/5  loss=175.1303  acc=10.40%
Epoch 5/5  loss=131.8493  acc=10.40%
Epoch 1/5  loss=0.3034  acc=88.67%
Epoch 2/5  loss=0.2529  acc=90.83%
Epoch 3/5  loss=0.2332  acc=91.43%
Epoch 4/5  loss=0.2157  acc=92.63%
Epoch 5/5  loss=0.1932  acc=92.97%
Epoch 1/5  loss=0.2982  acc=88.73%
Epoch 2/5  loss=0.2529  acc=90.60%
Epoch 3/5  loss=0.2327  acc=91.07%
Epoch 4/5  loss=0.2039  acc=92.30%
Epoch 5/5  loss=0.1952  acc=92.27%
Epoch 1/5  loss=0.3196  acc=87.50%
Epoch 2/5  loss=0.2829  acc=88.90%
Epoch 3/5  loss=0.2572  acc=89.73%
Epoch 4/5  loss=0.2411  acc=90.40%
Epoch 5/5  loss=0.2102  acc=92.40%
Epoch 1/5  loss=0.2928  acc=88.97%
Epoch 2/5  loss=0.2478  acc=90.90%
Epoch 3/5  loss=0.2324  acc=91.50%
Epoch 4/5  loss=0.1972  acc=92.70%
Epoch 5/5  loss=0.1828  acc=93.57%
Epoch 1/5  loss=0.3138  acc=88.70%
Epoch 2/5  loss=0.2726  acc=89.27%
Epoch 3/5  loss=0.2550  acc=89.83%
Epoch 4/5  loss=0.2280  acc=91.40%
Epoch 5/5  loss=0.2137  acc=91.77%
Epoch 1/5  loss=0.3128  acc=88.53%
Epoch 2/5  loss=0.2657  acc=89.63%
Epoch 3/5  loss=0.2484  acc=90.93%
Epoch 4/5  loss=0.2185  acc=91.87%
Epoch 5/5  loss=0.2029  acc=92.40%
Epoch 1/5  loss=0.3068  acc=88.37%
Epoch 2/5  loss=0.2678  acc=90.30%
Epoch 3/5  loss=0.2392  acc=91.03%
Epoch 4/5  loss=0.2226  acc=91.37%
Epoch 5/5  loss=0.2012  acc=92.33%
Epoch 1/5  loss=0.3180  acc=88.03%
Epoch 2/5  loss=0.2673  acc=89.67%
Epoch 3/5  loss=0.2452  acc=91.30%
Epoch 4/5  loss=0.2236  acc=91.43%
Epoch 5/5  loss=0.2096  acc=92.47%
Epoch 1/5  loss=0.2986  acc=89.13%
Epoch 2/5  loss=0.2546  acc=90.63%
Epoch 3/5  loss=0.2246  acc=91.80%
Epoch 4/5  loss=0.2115  acc=92.70%
Epoch 5/5  loss=0.1910  acc=92.77%
Epoch 1/5  loss=0.2878  acc=89.17%
Epoch 2/5  loss=0.2407  acc=90.97%
Epoch 3/5  loss=0.2220  acc=91.50%
Epoch 4/5  loss=0.2012  acc=92.13%
Epoch 5/5  loss=0.1848  acc=93.13%
Epoch 1/5  loss=0.3120  acc=88.60%
Epoch 2/5  loss=0.2675  acc=90.10%
Epoch 3/5  loss=0.2368  acc=91.30%
Epoch 4/5  loss=0.2162  acc=91.87%
Epoch 5/5  loss=0.2052  acc=92.33%
Epoch 1/5  loss=0.3253  acc=87.77%
Epoch 2/5  loss=0.2844  acc=89.07%
Epoch 3/5  loss=0.2537  acc=90.53%
Epoch 4/5  loss=0.2409  acc=90.90%
Epoch 5/5  loss=0.2107  acc=92.30%
Epoch 1/5  loss=0.3169  acc=87.47%
Epoch 2/5  loss=0.2659  acc=89.50%
Epoch 3/5  loss=0.2469  acc=90.80%
Epoch 4/5  loss=0.2264  acc=91.87%
Epoch 5/5  loss=0.2065  acc=91.53%
Epoch 1/5  loss=0.3152  acc=88.03%
Epoch 2/5  loss=0.2636  acc=90.23%
Epoch 3/5  loss=0.2400  acc=90.83%
Epoch 4/5  loss=0.2191  acc=91.47%
Epoch 5/5  loss=0.2111  acc=91.97%
Epoch 1/5  loss=0.2768  acc=90.10%
Epoch 2/5  loss=0.2334  acc=91.20%
Epoch 3/5  loss=0.2121  acc=91.90%
Epoch 4/5  loss=0.1949  acc=92.60%
Epoch 5/5  loss=0.1717  acc=94.03%
Epoch 1/5  loss=0.3252  acc=87.97%
Epoch 2/5  loss=0.2685  acc=89.63%
Epoch 3/5  loss=0.2436  acc=90.77%
Epoch 4/5  loss=0.2250  acc=91.27%
Epoch 5/5  loss=0.2028  acc=92.10%
Epoch 1/5  loss=0.3144  acc=88.40%
Epoch 2/5  loss=0.2679  acc=89.70%
Epoch 3/5  loss=0.2400  acc=90.90%
Epoch 4/5  loss=0.2193  acc=91.93%
Epoch 5/5  loss=0.2006  acc=92.67%
Epoch 1/5  loss=0.3239  acc=87.97%
Epoch 2/5  loss=0.2813  acc=89.80%
Epoch 3/5  loss=0.2639  acc=89.97%
Epoch 4/5  loss=0.2281  acc=91.57%
Epoch 5/5  loss=0.2157  acc=91.33%
Epoch 1/5  loss=146238.2977  acc=10.13%
Epoch 2/5  loss=145.6897  acc=10.37%
Epoch 3/5  loss=53.0703  acc=10.27%
Epoch 4/5  loss=34.3104  acc=10.30%
Epoch 5/5  loss=24.9239  acc=9.93%
Epoch 1/5  loss=316274.7422  acc=10.37%
Epoch 2/5  loss=437.4404  acc=10.43%
Epoch 3/5  loss=170.6244  acc=10.43%
Epoch 4/5  loss=62.2162  acc=10.40%
Epoch 5/5  loss=22.2676  acc=9.93%
Epoch 1/5  loss=0.2903  acc=89.47%
Epoch 2/5  loss=0.2497  acc=91.30%
Epoch 3/5  loss=0.2187  acc=91.33%
Epoch 4/5  loss=0.2086  acc=92.13%
Epoch 5/5  loss=0.1862  acc=93.13%
Epoch 1/5  loss=0.2908  acc=88.80%
Epoch 2/5  loss=0.2406  acc=90.67%
Epoch 3/5  loss=0.2276  acc=91.40%
Epoch 4/5  loss=0.2080  acc=91.83%
Epoch 5/5  loss=0.1832  acc=93.00%
Epoch 1/5  loss=0.3185  acc=87.80%
Epoch 2/5  loss=0.2741  acc=90.03%
Epoch 3/5  loss=0.2501  acc=90.63%
Epoch 4/5  loss=0.2202  acc=91.87%
Epoch 5/5  loss=0.2184  acc=91.87%
Epoch 1/5  loss=0.2849  acc=89.20%
Epoch 2/5  loss=0.2400  acc=90.47%
Epoch 3/5  loss=0.2097  acc=92.13%
Epoch 4/5  loss=0.2040  acc=92.53%
Epoch 5/5  loss=0.1821  acc=93.73%
Epoch 1/5  loss=0.3036  acc=88.37%
Epoch 2/5  loss=0.2751  acc=89.13%
Epoch 3/5  loss=0.2457  acc=90.60%
Epoch 4/5  loss=0.2272  acc=91.13%
Epoch 5/5  loss=0.2134  acc=92.07%
Epoch 1/5  loss=0.3041  acc=89.03%
Epoch 2/5  loss=0.2533  acc=89.90%
Epoch 3/5  loss=0.2408  acc=91.03%
Epoch 4/5  loss=0.2129  acc=91.90%
Epoch 5/5  loss=0.2104  acc=92.30%
Epoch 1/5  loss=0.2994  acc=88.00%
Epoch 2/5  loss=0.2641  acc=89.87%
Epoch 3/5  loss=0.2360  acc=90.87%
Epoch 4/5  loss=0.2223  acc=91.03%
Epoch 5/5  loss=0.2040  acc=92.00%
Epoch 1/5  loss=0.3009  acc=88.80%
Epoch 2/5  loss=0.2659  acc=89.83%
Epoch 3/5  loss=0.2314  acc=90.80%
Epoch 4/5  loss=0.2233  acc=91.63%
Epoch 5/5  loss=0.2057  acc=92.67%
Epoch 1/5  loss=0.2802  acc=90.03%
Epoch 2/5  loss=0.2507  acc=91.33%
Epoch 3/5  loss=0.2299  acc=91.80%
Epoch 4/5  loss=0.2042  acc=92.47%
Epoch 5/5  loss=0.1957  acc=92.97%
Epoch 1/5  loss=0.2945  acc=88.93%
Epoch 2/5  loss=0.2377  acc=90.83%
Epoch 3/5  loss=0.2204  acc=91.70%
Epoch 4/5  loss=0.1925  acc=92.73%
Epoch 5/5  loss=0.1822  acc=92.97%
Epoch 1/5  loss=0.3028  acc=88.90%
Epoch 2/5  loss=0.2652  acc=90.03%
Epoch 3/5  loss=0.2362  acc=90.57%
Epoch 4/5  loss=0.2111  acc=92.23%
Epoch 5/5  loss=0.1998  acc=92.40%
Epoch 1/5  loss=0.3238  acc=88.00%
Epoch 2/5  loss=0.2782  acc=88.80%
Epoch 3/5  loss=0.2459  acc=90.90%
Epoch 4/5  loss=0.2233  acc=91.50%
Epoch 5/5  loss=0.2071  acc=92.87%
Epoch 1/5  loss=0.3004  acc=89.00%
Epoch 2/5  loss=0.2637  acc=89.77%
Epoch 3/5  loss=0.2367  acc=90.97%
Epoch 4/5  loss=0.2097  acc=92.07%
Epoch 5/5  loss=0.2014  acc=92.47%
Epoch 1/5  loss=0.3041  acc=88.47%
Epoch 2/5  loss=0.2533  acc=90.67%
Epoch 3/5  loss=0.2365  acc=90.97%
Epoch 4/5  loss=0.2191  acc=91.97%
Epoch 5/5  loss=0.1969  acc=92.87%
Epoch 1/5  loss=0.2686  acc=90.13%
Epoch 2/5  loss=0.2366  acc=91.03%
Epoch 3/5  loss=0.2057  acc=92.00%
Epoch 4/5  loss=0.1908  acc=92.53%
Epoch 5/5  loss=0.1724  acc=93.67%
Epoch 1/5  loss=0.3119  acc=88.90%
Epoch 2/5  loss=0.2635  acc=90.10%
Epoch 3/5  loss=0.2489  acc=90.30%
Epoch 4/5  loss=0.2177  acc=91.77%
Epoch 5/5  loss=0.2062  acc=92.40%
Epoch 1/5  loss=0.3046  acc=88.87%
Epoch 2/5  loss=0.2628  acc=90.03%
Epoch 3/5  loss=0.2331  acc=91.53%
Epoch 4/5  loss=0.2215  acc=91.70%
Epoch 5/5  loss=0.1951  acc=92.90%
Epoch 1/5  loss=0.3186  acc=88.57%
Epoch 2/5  loss=0.2759  acc=89.63%
Epoch 3/5  loss=0.2368  acc=90.67%
Epoch 4/5  loss=0.2151  acc=92.20%
Epoch 5/5  loss=0.2103  acc=92.37%
Epoch 1/5  loss=105485.1335  acc=10.73%
Epoch 2/5  loss=92.7760  acc=10.80%
Epoch 3/5  loss=29.9685  acc=10.97%
Epoch 4/5  loss=7.8767  acc=10.93%
Epoch 5/5  loss=2.9544  acc=10.70%
Epoch 1/5  loss=361660.6279  acc=9.97%
Epoch 2/5  loss=168.9455  acc=9.63%
Epoch 3/5  loss=49.1701  acc=9.67%
Epoch 4/5  loss=18.1408  acc=9.67%
Epoch 5/5  loss=10.1409  acc=10.97%
Epoch 1/5  loss=0.2861  acc=89.93%
Epoch 2/5  loss=0.2421  acc=91.33%
Epoch 3/5  loss=0.2160  acc=91.90%
Epoch 4/5  loss=0.1955  acc=92.93%
Epoch 5/5  loss=0.1776  acc=93.40%
Epoch 1/5  loss=0.2780  acc=89.47%
Epoch 2/5  loss=0.2380  acc=90.63%
Epoch 3/5  loss=0.2148  acc=91.87%
Epoch 4/5  loss=0.2067  acc=92.03%
Epoch 5/5  loss=0.1732  acc=93.77%
Epoch 1/5  loss=0.3155  acc=88.43%
Epoch 2/5  loss=0.2705  acc=89.67%
Epoch 3/5  loss=0.2337  acc=91.03%
Epoch 4/5  loss=0.2195  acc=91.57%
Epoch 5/5  loss=0.1992  acc=93.00%
Epoch 1/5  loss=0.2704  acc=89.60%
Epoch 2/5  loss=0.2319  acc=91.20%
Epoch 3/5  loss=0.2108  acc=92.60%
Epoch 4/5  loss=0.1900  acc=93.00%
Epoch 5/5  loss=0.1751  acc=93.67%
Epoch 1/5  loss=0.3044  acc=88.50%
Epoch 2/5  loss=0.2633  acc=89.87%
Epoch 3/5  loss=0.2345  acc=90.73%
Epoch 4/5  loss=0.2179  acc=91.10%
Epoch 5/5  loss=0.2086  acc=91.97%
Epoch 1/5  loss=0.3048  acc=89.23%
Epoch 2/5  loss=0.2536  acc=90.07%
Epoch 3/5  loss=0.2245  acc=91.97%
Epoch 4/5  loss=0.2063  acc=92.20%
Epoch 5/5  loss=0.1993  acc=92.80%
Epoch 1/5  loss=0.2985  acc=88.37%
Epoch 2/5  loss=0.2509  acc=90.60%
Epoch 3/5  loss=0.2301  acc=90.87%
Epoch 4/5  loss=0.2094  acc=92.13%
Epoch 5/5  loss=0.1899  acc=92.80%
Epoch 1/5  loss=0.2977  acc=88.80%
Epoch 2/5  loss=0.2681  acc=89.53%
Epoch 3/5  loss=0.2292  acc=91.43%
Epoch 4/5  loss=0.2095  acc=91.90%
Epoch 5/5  loss=0.2032  acc=92.83%
Epoch 1/5  loss=0.2890  acc=89.17%
Epoch 2/5  loss=0.2471  acc=91.13%
Epoch 3/5  loss=0.2154  acc=92.13%
Epoch 4/5  loss=0.2034  acc=92.50%
Epoch 5/5  loss=0.1912  acc=92.90%
Epoch 1/5  loss=0.2804  acc=89.67%
Epoch 2/5  loss=0.2286  acc=91.53%
Epoch 3/5  loss=0.2052  acc=91.43%
Epoch 4/5  loss=0.1933  acc=92.37%
Epoch 5/5  loss=0.1804  acc=93.03%
Epoch 1/5  loss=0.3052  acc=88.53%
Epoch 2/5  loss=0.2622  acc=90.00%
Epoch 3/5  loss=0.2265  acc=91.33%
Epoch 4/5  loss=0.2079  acc=91.80%
Epoch 5/5  loss=0.1916  acc=92.73%
Epoch 1/5  loss=0.3072  acc=88.53%
Epoch 2/5  loss=0.2649  acc=89.93%
Epoch 3/5  loss=0.2487  acc=90.60%
Epoch 4/5  loss=0.2158  acc=91.77%
Epoch 5/5  loss=0.2097  acc=92.20%
Epoch 1/5  loss=0.3062  acc=88.60%
Epoch 2/5  loss=0.2644  acc=89.87%
Epoch 3/5  loss=0.2271  acc=90.83%
Epoch 4/5  loss=0.2169  acc=91.50%
Epoch 5/5  loss=0.1922  acc=93.03%
Epoch 1/5  loss=0.2924  acc=89.20%
Epoch 2/5  loss=0.2566  acc=90.50%
Epoch 3/5  loss=0.2325  acc=91.73%
Epoch 4/5  loss=0.2107  acc=92.50%
Epoch 5/5  loss=0.1954  acc=92.97%
Epoch 1/5  loss=0.2553  acc=90.33%
Epoch 2/5  loss=0.2237  acc=91.53%
Epoch 3/5  loss=0.1965  acc=92.70%
Epoch 4/5  loss=0.1878  acc=92.70%
Epoch 5/5  loss=0.1716  acc=94.10%
Epoch 1/5  loss=0.3145  acc=88.93%
Epoch 2/5  loss=0.2554  acc=89.90%
Epoch 3/5  loss=0.2339  acc=90.77%
Epoch 4/5  loss=0.2070  acc=92.47%
Epoch 5/5  loss=0.1964  acc=92.20%
Epoch 1/5  loss=0.3008  acc=89.07%
Epoch 2/5  loss=0.2505  acc=90.63%
Epoch 3/5  loss=0.2273  acc=91.73%
Epoch 4/5  loss=0.2165  acc=91.30%
Epoch 5/5  loss=0.2006  acc=92.67%
Epoch 1/5  loss=0.3037  acc=88.67%
Epoch 2/5  loss=0.2567  acc=90.27%
Epoch 3/5  loss=0.2447  acc=90.93%
Epoch 4/5  loss=0.2182  acc=91.73%
Epoch 5/5  loss=0.2029  acc=92.17%
Epoch 1/5  loss=109763.9583  acc=10.60%
Epoch 2/5  loss=152.3556  acc=10.60%
Epoch 3/5  loss=40.5193  acc=10.63%
Epoch 4/5  loss=14.9221  acc=10.63%
Epoch 5/5  loss=7.3378  acc=10.63%
Epoch 1/5  loss=289397.9505  acc=8.90%
Epoch 2/5  loss=596.7629  acc=8.93%
Epoch 3/5  loss=268.2877  acc=10.07%
Epoch 4/5  loss=125.7818  acc=10.47%
Epoch 5/5  loss=55.9274  acc=10.47%
Epoch 1/5  loss=0.2707  acc=90.20%
Epoch 2/5  loss=0.2370  acc=91.27%
Epoch 3/5  loss=0.2143  acc=92.27%
Epoch 4/5  loss=0.1898  acc=92.77%
Epoch 5/5  loss=0.1800  acc=93.17%
Epoch 1/5  loss=0.2731  acc=89.80%
Epoch 2/5  loss=0.2346  acc=90.73%
Epoch 3/5  loss=0.2117  acc=91.63%
Epoch 4/5  loss=0.1999  acc=92.10%
Epoch 5/5  loss=0.1711  acc=93.43%
Epoch 1/5  loss=0.2969  acc=88.13%
Epoch 2/5  loss=0.2602  acc=89.53%
Epoch 3/5  loss=0.2333  acc=90.63%
Epoch 4/5  loss=0.2229  acc=91.40%
Epoch 5/5  loss=0.2067  acc=92.67%
Epoch 1/5  loss=0.2662  acc=89.97%
Epoch 2/5  loss=0.2301  acc=91.30%
Epoch 3/5  loss=0.2021  acc=92.10%
Epoch 4/5  loss=0.1931  acc=92.97%
Epoch 5/5  loss=0.1719  acc=93.93%
Epoch 1/5  loss=0.3052  acc=88.90%
Epoch 2/5  loss=0.2607  acc=90.67%
Epoch 3/5  loss=0.2291  acc=91.33%
Epoch 4/5  loss=0.2140  acc=91.43%
Epoch 5/5  loss=0.1903  acc=92.60%
Epoch 1/5  loss=0.2939  acc=89.23%
Epoch 2/5  loss=0.2541  acc=90.40%
Epoch 3/5  loss=0.2244  acc=91.73%
Epoch 4/5  loss=0.2085  acc=92.93%
Epoch 5/5  loss=0.1893  acc=93.07%
Epoch 1/5  loss=0.2811  acc=89.50%
Epoch 2/5  loss=0.2548  acc=90.17%
Epoch 3/5  loss=0.2231  acc=91.43%
Epoch 4/5  loss=0.2093  acc=91.73%
Epoch 5/5  loss=0.1830  acc=93.37%
Epoch 1/5  loss=0.2901  acc=89.07%
Epoch 2/5  loss=0.2416  acc=90.63%
Epoch 3/5  loss=0.2296  acc=91.30%
Epoch 4/5  loss=0.2068  acc=92.00%
Epoch 5/5  loss=0.2128  acc=92.30%
Epoch 1/5  loss=0.2725  acc=90.27%
Epoch 2/5  loss=0.2410  acc=90.87%
Epoch 3/5  loss=0.2077  acc=92.37%
Epoch 4/5  loss=0.1934  acc=92.63%
Epoch 5/5  loss=0.1756  acc=93.60%
Epoch 1/5  loss=0.2601  acc=90.13%
Epoch 2/5  loss=0.2264  acc=91.37%
Epoch 3/5  loss=0.2010  acc=91.83%
Epoch 4/5  loss=0.1870  acc=92.73%
Epoch 5/5  loss=0.1715  acc=93.57%
Epoch 1/5  loss=0.2952  acc=89.00%
Epoch 2/5  loss=0.2568  acc=89.97%
Epoch 3/5  loss=0.2210  acc=91.53%
Epoch 4/5  loss=0.1975  acc=92.70%
Epoch 5/5  loss=0.1922  acc=92.50%
Epoch 1/5  loss=0.3111  acc=88.43%
Epoch 2/5  loss=0.2575  acc=89.57%
Epoch 3/5  loss=0.2286  acc=91.40%
Epoch 4/5  loss=0.2266  acc=91.57%
Epoch 5/5  loss=0.2130  acc=91.93%
Epoch 1/5  loss=0.2948  acc=88.97%
Epoch 2/5  loss=0.2495  acc=90.70%
Epoch 3/5  loss=0.2200  acc=91.67%
Epoch 4/5  loss=0.2081  acc=92.17%
Epoch 5/5  loss=0.1945  acc=92.70%
Epoch 1/5  loss=0.2889  acc=89.60%
Epoch 2/5  loss=0.2536  acc=90.40%
Epoch 3/5  loss=0.2286  acc=91.27%
Epoch 4/5  loss=0.2095  acc=91.40%
Epoch 5/5  loss=0.1987  acc=92.80%
Epoch 1/5  loss=0.2608  acc=89.73%
Epoch 2/5  loss=0.2240  acc=91.67%
Epoch 3/5  loss=0.2025  acc=92.93%
Epoch 4/5  loss=0.1806  acc=93.37%
Epoch 5/5  loss=0.1665  acc=94.17%
Epoch 1/5  loss=0.2976  acc=88.93%
Epoch 2/5  loss=0.2597  acc=90.23%
Epoch 3/5  loss=0.2271  acc=91.33%
Epoch 4/5  loss=0.2085  acc=91.97%
Epoch 5/5  loss=0.1943  acc=92.57%
Epoch 1/5  loss=0.2954  acc=89.43%
Epoch 2/5  loss=0.2515  acc=90.50%
Epoch 3/5  loss=0.2194  acc=91.73%
Epoch 4/5  loss=0.2057  acc=92.80%
Epoch 5/5  loss=0.1872  acc=92.90%
Epoch 1/5  loss=0.3092  acc=88.07%
Epoch 2/5  loss=0.2544  acc=90.10%
Epoch 3/5  loss=0.2345  acc=91.23%
Epoch 4/5  loss=0.2143  acc=92.37%
Epoch 5/5  loss=0.2027  acc=92.13%
Epoch 1/5  loss=131432.3987  acc=9.47%
Epoch 2/5  loss=954.6022  acc=9.00%
Epoch 3/5  loss=663.0637  acc=9.97%
Epoch 4/5  loss=480.3782  acc=9.40%
Epoch 5/5  loss=351.4703  acc=9.77%
Epoch 1/5  loss=284773.7323  acc=10.37%
Epoch 2/5  loss=206.7909  acc=10.47%
Epoch 3/5  loss=160.0810  acc=10.63%
Epoch 4/5  loss=130.1934  acc=11.03%
Epoch 5/5  loss=104.7858  acc=11.03%
Epoch 1/5  loss=0.2844  acc=90.03%
Epoch 2/5  loss=0.2340  acc=91.37%
Epoch 3/5  loss=0.2020  acc=92.57%
Epoch 4/5  loss=0.1897  acc=92.90%
Epoch 5/5  loss=0.1735  acc=94.07%
Epoch 1/5  loss=0.2669  acc=89.90%
Epoch 2/5  loss=0.2362  acc=90.77%
Epoch 3/5  loss=0.2026  acc=92.50%
Epoch 4/5  loss=0.1943  acc=92.23%
Epoch 5/5  loss=0.1679  acc=93.83%
Epoch 1/5  loss=0.2919  acc=88.37%
Epoch 2/5  loss=0.2616  acc=89.87%
Epoch 3/5  loss=0.2260  acc=91.47%
Epoch 4/5  loss=0.2100  acc=92.43%
Epoch 5/5  loss=0.1956  acc=92.57%
